

Started OPTIONS "/sessions" for ::1 at 2015-08-10 22:04:59 +0300
  [1m[36mActiveRecord::SchemaMigration Load (0.4ms)[0m  [1mSELECT "schema_migrations".* FROM "schema_migrations"[0m

ActionController::RoutingError (No route matches [OPTIONS] "/sessions"):
  .bundle/gems/actionpack-4.2.3/lib/action_dispatch/middleware/debug_exceptions.rb:21:in `call'
  .bundle/gems/actionpack-4.2.3/lib/action_dispatch/middleware/show_exceptions.rb:30:in `call'
  .bundle/gems/railties-4.2.3/lib/rails/rack/logger.rb:38:in `call_app'
  .bundle/gems/railties-4.2.3/lib/rails/rack/logger.rb:20:in `block in call'
  .bundle/gems/activesupport-4.2.3/lib/active_support/tagged_logging.rb:68:in `block in tagged'
  .bundle/gems/activesupport-4.2.3/lib/active_support/tagged_logging.rb:26:in `tagged'
  .bundle/gems/activesupport-4.2.3/lib/active_support/tagged_logging.rb:68:in `tagged'
  .bundle/gems/railties-4.2.3/lib/rails/rack/logger.rb:20:in `call'
  .bundle/gems/actionpack-4.2.3/lib/action_dispatch/middleware/request_id.rb:21:in `call'
  .bundle/gems/rack-1.6.4/lib/rack/runtime.rb:18:in `call'
  .bundle/gems/activesupport-4.2.3/lib/active_support/cache/strategy/local_cache_middleware.rb:28:in `call'
  .bundle/gems/rack-1.6.4/lib/rack/lock.rb:17:in `call'
  .bundle/gems/actionpack-4.2.3/lib/action_dispatch/middleware/static.rb:116:in `call'
  .bundle/gems/railties-4.2.3/lib/rails/engine.rb:518:in `call'
  .bundle/gems/railties-4.2.3/lib/rails/application.rb:165:in `call'
  .bundle/gems/rack-1.6.4/lib/rack/lock.rb:17:in `call'
  .bundle/gems/rack-1.6.4/lib/rack/content_length.rb:15:in `call'
  .bundle/gems/rack-1.6.4/lib/rack/handler/webrick.rb:88:in `service'
  /Users/bogdan/.rvm/rubies/ruby-2.2.1/lib/ruby/2.2.0/webrick/httpserver.rb:138:in `service'
  /Users/bogdan/.rvm/rubies/ruby-2.2.1/lib/ruby/2.2.0/webrick/httpserver.rb:94:in `run'
  /Users/bogdan/.rvm/rubies/ruby-2.2.1/lib/ruby/2.2.0/webrick/server.rb:294:in `block in start_thread'


  Rendered .bundle/gems/actionpack-4.2.3/lib/action_dispatch/middleware/templates/rescues/_trace.html.erb (1.6ms)
  Rendered .bundle/gems/actionpack-4.2.3/lib/action_dispatch/middleware/templates/routes/_route.html.erb (1.3ms)
  Rendered .bundle/gems/actionpack-4.2.3/lib/action_dispatch/middleware/templates/routes/_table.html.erb (8.7ms)
  Rendered .bundle/gems/actionpack-4.2.3/lib/action_dispatch/middleware/templates/rescues/_request_and_response.html.erb (1.3ms)
  Rendered .bundle/gems/actionpack-4.2.3/lib/action_dispatch/middleware/templates/rescues/routing_error.html.erb within rescues/layout (68.7ms)


Started GET "/sessions" for ::1 at 2015-08-10 22:05:12 +0300

ActionController::RoutingError (No route matches [GET] "/sessions"):
  .bundle/gems/actionpack-4.2.3/lib/action_dispatch/middleware/debug_exceptions.rb:21:in `call'
  .bundle/gems/actionpack-4.2.3/lib/action_dispatch/middleware/show_exceptions.rb:30:in `call'
  .bundle/gems/railties-4.2.3/lib/rails/rack/logger.rb:38:in `call_app'
  .bundle/gems/railties-4.2.3/lib/rails/rack/logger.rb:20:in `block in call'
  .bundle/gems/activesupport-4.2.3/lib/active_support/tagged_logging.rb:68:in `block in tagged'
  .bundle/gems/activesupport-4.2.3/lib/active_support/tagged_logging.rb:26:in `tagged'
  .bundle/gems/activesupport-4.2.3/lib/active_support/tagged_logging.rb:68:in `tagged'
  .bundle/gems/railties-4.2.3/lib/rails/rack/logger.rb:20:in `call'
  .bundle/gems/actionpack-4.2.3/lib/action_dispatch/middleware/request_id.rb:21:in `call'
  .bundle/gems/rack-1.6.4/lib/rack/runtime.rb:18:in `call'
  .bundle/gems/activesupport-4.2.3/lib/active_support/cache/strategy/local_cache_middleware.rb:28:in `call'
  .bundle/gems/rack-1.6.4/lib/rack/lock.rb:17:in `call'
  .bundle/gems/actionpack-4.2.3/lib/action_dispatch/middleware/static.rb:116:in `call'
  .bundle/gems/railties-4.2.3/lib/rails/engine.rb:518:in `call'
  .bundle/gems/railties-4.2.3/lib/rails/application.rb:165:in `call'
  .bundle/gems/rack-1.6.4/lib/rack/lock.rb:17:in `call'
  .bundle/gems/rack-1.6.4/lib/rack/content_length.rb:15:in `call'
  .bundle/gems/rack-1.6.4/lib/rack/handler/webrick.rb:88:in `service'
  /Users/bogdan/.rvm/rubies/ruby-2.2.1/lib/ruby/2.2.0/webrick/httpserver.rb:138:in `service'
  /Users/bogdan/.rvm/rubies/ruby-2.2.1/lib/ruby/2.2.0/webrick/httpserver.rb:94:in `run'
  /Users/bogdan/.rvm/rubies/ruby-2.2.1/lib/ruby/2.2.0/webrick/server.rb:294:in `block in start_thread'


  Rendered .bundle/gems/actionpack-4.2.3/lib/action_dispatch/middleware/templates/rescues/_trace.html.erb (1.7ms)
  Rendered .bundle/gems/actionpack-4.2.3/lib/action_dispatch/middleware/templates/routes/_route.html.erb (1.1ms)
  Rendered .bundle/gems/actionpack-4.2.3/lib/action_dispatch/middleware/templates/routes/_table.html.erb (1.3ms)
  Rendered .bundle/gems/actionpack-4.2.3/lib/action_dispatch/middleware/templates/rescues/_request_and_response.html.erb (1.4ms)
  Rendered .bundle/gems/actionpack-4.2.3/lib/action_dispatch/middleware/templates/rescues/routing_error.html.erb within rescues/layout (57.3ms)


Started POST "/sessions" for ::1 at 2015-08-10 22:06:55 +0300
Processing by SessionsController#create as JSON
  Parameters: {"{\"login\":\"asdasd\",\"password\":\"asdasd\"}"=>"[FILTERED]"}
Completed 500 Internal Server Error in 10ms (ActiveRecord: 0.0ms)

NoMethodError (undefined method `permit' for nil:NilClass):
  app/controllers/sessions_controller.rb:13:in `session_params'
  app/controllers/sessions_controller.rb:4:in `create'


  Rendered .bundle/gems/actionpack-4.2.3/lib/action_dispatch/middleware/templates/rescues/_source.erb (2.8ms)
  Rendered .bundle/gems/actionpack-4.2.3/lib/action_dispatch/middleware/templates/rescues/_trace.html.erb (1.6ms)
  Rendered .bundle/gems/actionpack-4.2.3/lib/action_dispatch/middleware/templates/rescues/_request_and_response.html.erb (0.9ms)
  Rendered .bundle/gems/actionpack-4.2.3/lib/action_dispatch/middleware/templates/rescues/diagnostics.html.erb within rescues/layout (38.4ms)


Started OPTIONS "/sessions" for ::1 at 2015-08-10 22:07:45 +0300

ActionController::RoutingError (No route matches [OPTIONS] "/sessions"):
  .bundle/gems/actionpack-4.2.3/lib/action_dispatch/middleware/debug_exceptions.rb:21:in `call'
  .bundle/gems/actionpack-4.2.3/lib/action_dispatch/middleware/show_exceptions.rb:30:in `call'
  .bundle/gems/railties-4.2.3/lib/rails/rack/logger.rb:38:in `call_app'
  .bundle/gems/railties-4.2.3/lib/rails/rack/logger.rb:20:in `block in call'
  .bundle/gems/activesupport-4.2.3/lib/active_support/tagged_logging.rb:68:in `block in tagged'
  .bundle/gems/activesupport-4.2.3/lib/active_support/tagged_logging.rb:26:in `tagged'
  .bundle/gems/activesupport-4.2.3/lib/active_support/tagged_logging.rb:68:in `tagged'
  .bundle/gems/railties-4.2.3/lib/rails/rack/logger.rb:20:in `call'
  .bundle/gems/actionpack-4.2.3/lib/action_dispatch/middleware/request_id.rb:21:in `call'
  .bundle/gems/rack-1.6.4/lib/rack/runtime.rb:18:in `call'
  .bundle/gems/activesupport-4.2.3/lib/active_support/cache/strategy/local_cache_middleware.rb:28:in `call'
  .bundle/gems/rack-1.6.4/lib/rack/lock.rb:17:in `call'
  .bundle/gems/actionpack-4.2.3/lib/action_dispatch/middleware/static.rb:116:in `call'
  .bundle/gems/railties-4.2.3/lib/rails/engine.rb:518:in `call'
  .bundle/gems/railties-4.2.3/lib/rails/application.rb:165:in `call'
  .bundle/gems/rack-1.6.4/lib/rack/lock.rb:17:in `call'
  .bundle/gems/rack-1.6.4/lib/rack/content_length.rb:15:in `call'
  .bundle/gems/rack-1.6.4/lib/rack/handler/webrick.rb:88:in `service'
  /Users/bogdan/.rvm/rubies/ruby-2.2.1/lib/ruby/2.2.0/webrick/httpserver.rb:138:in `service'
  /Users/bogdan/.rvm/rubies/ruby-2.2.1/lib/ruby/2.2.0/webrick/httpserver.rb:94:in `run'
  /Users/bogdan/.rvm/rubies/ruby-2.2.1/lib/ruby/2.2.0/webrick/server.rb:294:in `block in start_thread'


  Rendered .bundle/gems/actionpack-4.2.3/lib/action_dispatch/middleware/templates/rescues/_trace.html.erb (1.1ms)
  Rendered .bundle/gems/actionpack-4.2.3/lib/action_dispatch/middleware/templates/routes/_route.html.erb (1.2ms)
  Rendered .bundle/gems/actionpack-4.2.3/lib/action_dispatch/middleware/templates/routes/_table.html.erb (1.1ms)
  Rendered .bundle/gems/actionpack-4.2.3/lib/action_dispatch/middleware/templates/rescues/_request_and_response.html.erb (0.9ms)
  Rendered .bundle/gems/actionpack-4.2.3/lib/action_dispatch/middleware/templates/rescues/routing_error.html.erb within rescues/layout (52.1ms)


Started OPTIONS "/sessions" for ::1 at 2015-08-10 22:08:17 +0300

ActionController::RoutingError (No route matches [OPTIONS] "/sessions"):
  .bundle/gems/actionpack-4.2.3/lib/action_dispatch/middleware/debug_exceptions.rb:21:in `call'
  .bundle/gems/actionpack-4.2.3/lib/action_dispatch/middleware/show_exceptions.rb:30:in `call'
  .bundle/gems/railties-4.2.3/lib/rails/rack/logger.rb:38:in `call_app'
  .bundle/gems/railties-4.2.3/lib/rails/rack/logger.rb:20:in `block in call'
  .bundle/gems/activesupport-4.2.3/lib/active_support/tagged_logging.rb:68:in `block in tagged'
  .bundle/gems/activesupport-4.2.3/lib/active_support/tagged_logging.rb:26:in `tagged'
  .bundle/gems/activesupport-4.2.3/lib/active_support/tagged_logging.rb:68:in `tagged'
  .bundle/gems/railties-4.2.3/lib/rails/rack/logger.rb:20:in `call'
  .bundle/gems/actionpack-4.2.3/lib/action_dispatch/middleware/request_id.rb:21:in `call'
  .bundle/gems/rack-1.6.4/lib/rack/runtime.rb:18:in `call'
  .bundle/gems/activesupport-4.2.3/lib/active_support/cache/strategy/local_cache_middleware.rb:28:in `call'
  .bundle/gems/rack-1.6.4/lib/rack/lock.rb:17:in `call'
  .bundle/gems/actionpack-4.2.3/lib/action_dispatch/middleware/static.rb:116:in `call'
  .bundle/gems/railties-4.2.3/lib/rails/engine.rb:518:in `call'
  .bundle/gems/railties-4.2.3/lib/rails/application.rb:165:in `call'
  .bundle/gems/rack-1.6.4/lib/rack/lock.rb:17:in `call'
  .bundle/gems/rack-1.6.4/lib/rack/content_length.rb:15:in `call'
  .bundle/gems/rack-1.6.4/lib/rack/handler/webrick.rb:88:in `service'
  /Users/bogdan/.rvm/rubies/ruby-2.2.1/lib/ruby/2.2.0/webrick/httpserver.rb:138:in `service'
  /Users/bogdan/.rvm/rubies/ruby-2.2.1/lib/ruby/2.2.0/webrick/httpserver.rb:94:in `run'
  /Users/bogdan/.rvm/rubies/ruby-2.2.1/lib/ruby/2.2.0/webrick/server.rb:294:in `block in start_thread'


  Rendered .bundle/gems/actionpack-4.2.3/lib/action_dispatch/middleware/templates/rescues/_trace.html.erb (1.3ms)
  Rendered .bundle/gems/actionpack-4.2.3/lib/action_dispatch/middleware/templates/routes/_route.html.erb (1.2ms)
  Rendered .bundle/gems/actionpack-4.2.3/lib/action_dispatch/middleware/templates/routes/_table.html.erb (1.2ms)
  Rendered .bundle/gems/actionpack-4.2.3/lib/action_dispatch/middleware/templates/rescues/_request_and_response.html.erb (0.8ms)
  Rendered .bundle/gems/actionpack-4.2.3/lib/action_dispatch/middleware/templates/rescues/routing_error.html.erb within rescues/layout (50.1ms)


Started OPTIONS "/sessions" for ::1 at 2015-08-10 22:08:17 +0300

ActionController::RoutingError (No route matches [OPTIONS] "/sessions"):
  .bundle/gems/actionpack-4.2.3/lib/action_dispatch/middleware/debug_exceptions.rb:21:in `call'
  .bundle/gems/actionpack-4.2.3/lib/action_dispatch/middleware/show_exceptions.rb:30:in `call'
  .bundle/gems/railties-4.2.3/lib/rails/rack/logger.rb:38:in `call_app'
  .bundle/gems/railties-4.2.3/lib/rails/rack/logger.rb:20:in `block in call'
  .bundle/gems/activesupport-4.2.3/lib/active_support/tagged_logging.rb:68:in `block in tagged'
  .bundle/gems/activesupport-4.2.3/lib/active_support/tagged_logging.rb:26:in `tagged'
  .bundle/gems/activesupport-4.2.3/lib/active_support/tagged_logging.rb:68:in `tagged'
  .bundle/gems/railties-4.2.3/lib/rails/rack/logger.rb:20:in `call'
  .bundle/gems/actionpack-4.2.3/lib/action_dispatch/middleware/request_id.rb:21:in `call'
  .bundle/gems/rack-1.6.4/lib/rack/runtime.rb:18:in `call'
  .bundle/gems/activesupport-4.2.3/lib/active_support/cache/strategy/local_cache_middleware.rb:28:in `call'
  .bundle/gems/rack-1.6.4/lib/rack/lock.rb:17:in `call'
  .bundle/gems/actionpack-4.2.3/lib/action_dispatch/middleware/static.rb:116:in `call'
  .bundle/gems/railties-4.2.3/lib/rails/engine.rb:518:in `call'
  .bundle/gems/railties-4.2.3/lib/rails/application.rb:165:in `call'
  .bundle/gems/rack-1.6.4/lib/rack/lock.rb:17:in `call'
  .bundle/gems/rack-1.6.4/lib/rack/content_length.rb:15:in `call'
  .bundle/gems/rack-1.6.4/lib/rack/handler/webrick.rb:88:in `service'
  /Users/bogdan/.rvm/rubies/ruby-2.2.1/lib/ruby/2.2.0/webrick/httpserver.rb:138:in `service'
  /Users/bogdan/.rvm/rubies/ruby-2.2.1/lib/ruby/2.2.0/webrick/httpserver.rb:94:in `run'
  /Users/bogdan/.rvm/rubies/ruby-2.2.1/lib/ruby/2.2.0/webrick/server.rb:294:in `block in start_thread'


  Rendered .bundle/gems/actionpack-4.2.3/lib/action_dispatch/middleware/templates/rescues/_trace.html.erb (1.2ms)
  Rendered .bundle/gems/actionpack-4.2.3/lib/action_dispatch/middleware/templates/routes/_route.html.erb (1.0ms)
  Rendered .bundle/gems/actionpack-4.2.3/lib/action_dispatch/middleware/templates/routes/_table.html.erb (1.0ms)
  Rendered .bundle/gems/actionpack-4.2.3/lib/action_dispatch/middleware/templates/rescues/_request_and_response.html.erb (1.0ms)
  Rendered .bundle/gems/actionpack-4.2.3/lib/action_dispatch/middleware/templates/rescues/routing_error.html.erb within rescues/layout (59.3ms)


Started OPTIONS "/sessions" for ::1 at 2015-08-10 22:08:36 +0300

ActionController::RoutingError (No route matches [OPTIONS] "/sessions"):
  .bundle/gems/actionpack-4.2.3/lib/action_dispatch/middleware/debug_exceptions.rb:21:in `call'
  .bundle/gems/actionpack-4.2.3/lib/action_dispatch/middleware/show_exceptions.rb:30:in `call'
  .bundle/gems/railties-4.2.3/lib/rails/rack/logger.rb:38:in `call_app'
  .bundle/gems/railties-4.2.3/lib/rails/rack/logger.rb:20:in `block in call'
  .bundle/gems/activesupport-4.2.3/lib/active_support/tagged_logging.rb:68:in `block in tagged'
  .bundle/gems/activesupport-4.2.3/lib/active_support/tagged_logging.rb:26:in `tagged'
  .bundle/gems/activesupport-4.2.3/lib/active_support/tagged_logging.rb:68:in `tagged'
  .bundle/gems/railties-4.2.3/lib/rails/rack/logger.rb:20:in `call'
  .bundle/gems/actionpack-4.2.3/lib/action_dispatch/middleware/request_id.rb:21:in `call'
  .bundle/gems/rack-1.6.4/lib/rack/runtime.rb:18:in `call'
  .bundle/gems/activesupport-4.2.3/lib/active_support/cache/strategy/local_cache_middleware.rb:28:in `call'
  .bundle/gems/rack-1.6.4/lib/rack/lock.rb:17:in `call'
  .bundle/gems/actionpack-4.2.3/lib/action_dispatch/middleware/static.rb:116:in `call'
  .bundle/gems/railties-4.2.3/lib/rails/engine.rb:518:in `call'
  .bundle/gems/railties-4.2.3/lib/rails/application.rb:165:in `call'
  .bundle/gems/rack-1.6.4/lib/rack/lock.rb:17:in `call'
  .bundle/gems/rack-1.6.4/lib/rack/content_length.rb:15:in `call'
  .bundle/gems/rack-1.6.4/lib/rack/handler/webrick.rb:88:in `service'
  /Users/bogdan/.rvm/rubies/ruby-2.2.1/lib/ruby/2.2.0/webrick/httpserver.rb:138:in `service'
  /Users/bogdan/.rvm/rubies/ruby-2.2.1/lib/ruby/2.2.0/webrick/httpserver.rb:94:in `run'
  /Users/bogdan/.rvm/rubies/ruby-2.2.1/lib/ruby/2.2.0/webrick/server.rb:294:in `block in start_thread'


  Rendered .bundle/gems/actionpack-4.2.3/lib/action_dispatch/middleware/templates/rescues/_trace.html.erb (1.2ms)
  Rendered .bundle/gems/actionpack-4.2.3/lib/action_dispatch/middleware/templates/routes/_route.html.erb (0.9ms)
  Rendered .bundle/gems/actionpack-4.2.3/lib/action_dispatch/middleware/templates/routes/_table.html.erb (1.1ms)
  Rendered .bundle/gems/actionpack-4.2.3/lib/action_dispatch/middleware/templates/rescues/_request_and_response.html.erb (0.9ms)
  Rendered .bundle/gems/actionpack-4.2.3/lib/action_dispatch/middleware/templates/rescues/routing_error.html.erb within rescues/layout (50.5ms)


Started OPTIONS "/sessions" for ::1 at 2015-08-10 22:08:36 +0300

ActionController::RoutingError (No route matches [OPTIONS] "/sessions"):
  .bundle/gems/actionpack-4.2.3/lib/action_dispatch/middleware/debug_exceptions.rb:21:in `call'
  .bundle/gems/actionpack-4.2.3/lib/action_dispatch/middleware/show_exceptions.rb:30:in `call'
  .bundle/gems/railties-4.2.3/lib/rails/rack/logger.rb:38:in `call_app'
  .bundle/gems/railties-4.2.3/lib/rails/rack/logger.rb:20:in `block in call'
  .bundle/gems/activesupport-4.2.3/lib/active_support/tagged_logging.rb:68:in `block in tagged'
  .bundle/gems/activesupport-4.2.3/lib/active_support/tagged_logging.rb:26:in `tagged'
  .bundle/gems/activesupport-4.2.3/lib/active_support/tagged_logging.rb:68:in `tagged'
  .bundle/gems/railties-4.2.3/lib/rails/rack/logger.rb:20:in `call'
  .bundle/gems/actionpack-4.2.3/lib/action_dispatch/middleware/request_id.rb:21:in `call'
  .bundle/gems/rack-1.6.4/lib/rack/runtime.rb:18:in `call'
  .bundle/gems/activesupport-4.2.3/lib/active_support/cache/strategy/local_cache_middleware.rb:28:in `call'
  .bundle/gems/rack-1.6.4/lib/rack/lock.rb:17:in `call'
  .bundle/gems/actionpack-4.2.3/lib/action_dispatch/middleware/static.rb:116:in `call'
  .bundle/gems/railties-4.2.3/lib/rails/engine.rb:518:in `call'
  .bundle/gems/railties-4.2.3/lib/rails/application.rb:165:in `call'
  .bundle/gems/rack-1.6.4/lib/rack/lock.rb:17:in `call'
  .bundle/gems/rack-1.6.4/lib/rack/content_length.rb:15:in `call'
  .bundle/gems/rack-1.6.4/lib/rack/handler/webrick.rb:88:in `service'
  /Users/bogdan/.rvm/rubies/ruby-2.2.1/lib/ruby/2.2.0/webrick/httpserver.rb:138:in `service'
  /Users/bogdan/.rvm/rubies/ruby-2.2.1/lib/ruby/2.2.0/webrick/httpserver.rb:94:in `run'
  /Users/bogdan/.rvm/rubies/ruby-2.2.1/lib/ruby/2.2.0/webrick/server.rb:294:in `block in start_thread'


  Rendered .bundle/gems/actionpack-4.2.3/lib/action_dispatch/middleware/templates/rescues/_trace.html.erb (2.0ms)
  Rendered .bundle/gems/actionpack-4.2.3/lib/action_dispatch/middleware/templates/routes/_route.html.erb (1.1ms)
  Rendered .bundle/gems/actionpack-4.2.3/lib/action_dispatch/middleware/templates/routes/_table.html.erb (1.0ms)
  Rendered .bundle/gems/actionpack-4.2.3/lib/action_dispatch/middleware/templates/rescues/_request_and_response.html.erb (0.9ms)
  Rendered .bundle/gems/actionpack-4.2.3/lib/action_dispatch/middleware/templates/rescues/routing_error.html.erb within rescues/layout (54.7ms)


Started POST "/sessions" for ::1 at 2015-08-10 22:08:36 +0300
Processing by SessionsController#create as JSON
  Parameters: {"{\"login\":\"asdasd\",\"password\":\"asdasd\"}"=>"[FILTERED]"}
Completed 500 Internal Server Error in 0ms (ActiveRecord: 0.0ms)

NoMethodError (undefined method `permit' for nil:NilClass):
  app/controllers/sessions_controller.rb:13:in `session_params'
  app/controllers/sessions_controller.rb:4:in `create'


  Rendered .bundle/gems/actionpack-4.2.3/lib/action_dispatch/middleware/templates/rescues/_source.erb (2.9ms)
  Rendered .bundle/gems/actionpack-4.2.3/lib/action_dispatch/middleware/templates/rescues/_trace.html.erb (2.2ms)
  Rendered .bundle/gems/actionpack-4.2.3/lib/action_dispatch/middleware/templates/rescues/_request_and_response.html.erb (0.8ms)
  Rendered .bundle/gems/actionpack-4.2.3/lib/action_dispatch/middleware/templates/rescues/diagnostics.html.erb within rescues/layout (39.0ms)


Started OPTIONS "/sessions" for ::1 at 2015-08-10 22:09:56 +0300

ActionController::RoutingError (No route matches [OPTIONS] "/sessions"):
  .bundle/gems/actionpack-4.2.3/lib/action_dispatch/middleware/debug_exceptions.rb:21:in `call'
  .bundle/gems/actionpack-4.2.3/lib/action_dispatch/middleware/show_exceptions.rb:30:in `call'
  .bundle/gems/railties-4.2.3/lib/rails/rack/logger.rb:38:in `call_app'
  .bundle/gems/railties-4.2.3/lib/rails/rack/logger.rb:20:in `block in call'
  .bundle/gems/activesupport-4.2.3/lib/active_support/tagged_logging.rb:68:in `block in tagged'
  .bundle/gems/activesupport-4.2.3/lib/active_support/tagged_logging.rb:26:in `tagged'
  .bundle/gems/activesupport-4.2.3/lib/active_support/tagged_logging.rb:68:in `tagged'
  .bundle/gems/railties-4.2.3/lib/rails/rack/logger.rb:20:in `call'
  .bundle/gems/actionpack-4.2.3/lib/action_dispatch/middleware/request_id.rb:21:in `call'
  .bundle/gems/rack-1.6.4/lib/rack/runtime.rb:18:in `call'
  .bundle/gems/activesupport-4.2.3/lib/active_support/cache/strategy/local_cache_middleware.rb:28:in `call'
  .bundle/gems/rack-1.6.4/lib/rack/lock.rb:17:in `call'
  .bundle/gems/actionpack-4.2.3/lib/action_dispatch/middleware/static.rb:116:in `call'
  .bundle/gems/railties-4.2.3/lib/rails/engine.rb:518:in `call'
  .bundle/gems/railties-4.2.3/lib/rails/application.rb:165:in `call'
  .bundle/gems/rack-1.6.4/lib/rack/lock.rb:17:in `call'
  .bundle/gems/rack-1.6.4/lib/rack/content_length.rb:15:in `call'
  .bundle/gems/rack-1.6.4/lib/rack/handler/webrick.rb:88:in `service'
  /Users/bogdan/.rvm/rubies/ruby-2.2.1/lib/ruby/2.2.0/webrick/httpserver.rb:138:in `service'
  /Users/bogdan/.rvm/rubies/ruby-2.2.1/lib/ruby/2.2.0/webrick/httpserver.rb:94:in `run'
  /Users/bogdan/.rvm/rubies/ruby-2.2.1/lib/ruby/2.2.0/webrick/server.rb:294:in `block in start_thread'


  Rendered .bundle/gems/actionpack-4.2.3/lib/action_dispatch/middleware/templates/rescues/_trace.html.erb (1.3ms)
  Rendered .bundle/gems/actionpack-4.2.3/lib/action_dispatch/middleware/templates/routes/_route.html.erb (1.0ms)
  Rendered .bundle/gems/actionpack-4.2.3/lib/action_dispatch/middleware/templates/routes/_table.html.erb (1.1ms)
  Rendered .bundle/gems/actionpack-4.2.3/lib/action_dispatch/middleware/templates/rescues/_request_and_response.html.erb (1.1ms)
  Rendered .bundle/gems/actionpack-4.2.3/lib/action_dispatch/middleware/templates/rescues/routing_error.html.erb within rescues/layout (50.4ms)


Started OPTIONS "/sessions" for ::1 at 2015-08-10 22:09:56 +0300

ActionController::RoutingError (No route matches [OPTIONS] "/sessions"):
  .bundle/gems/actionpack-4.2.3/lib/action_dispatch/middleware/debug_exceptions.rb:21:in `call'
  .bundle/gems/actionpack-4.2.3/lib/action_dispatch/middleware/show_exceptions.rb:30:in `call'
  .bundle/gems/railties-4.2.3/lib/rails/rack/logger.rb:38:in `call_app'
  .bundle/gems/railties-4.2.3/lib/rails/rack/logger.rb:20:in `block in call'
  .bundle/gems/activesupport-4.2.3/lib/active_support/tagged_logging.rb:68:in `block in tagged'
  .bundle/gems/activesupport-4.2.3/lib/active_support/tagged_logging.rb:26:in `tagged'
  .bundle/gems/activesupport-4.2.3/lib/active_support/tagged_logging.rb:68:in `tagged'
  .bundle/gems/railties-4.2.3/lib/rails/rack/logger.rb:20:in `call'
  .bundle/gems/actionpack-4.2.3/lib/action_dispatch/middleware/request_id.rb:21:in `call'
  .bundle/gems/rack-1.6.4/lib/rack/runtime.rb:18:in `call'
  .bundle/gems/activesupport-4.2.3/lib/active_support/cache/strategy/local_cache_middleware.rb:28:in `call'
  .bundle/gems/rack-1.6.4/lib/rack/lock.rb:17:in `call'
  .bundle/gems/actionpack-4.2.3/lib/action_dispatch/middleware/static.rb:116:in `call'
  .bundle/gems/railties-4.2.3/lib/rails/engine.rb:518:in `call'
  .bundle/gems/railties-4.2.3/lib/rails/application.rb:165:in `call'
  .bundle/gems/rack-1.6.4/lib/rack/lock.rb:17:in `call'
  .bundle/gems/rack-1.6.4/lib/rack/content_length.rb:15:in `call'
  .bundle/gems/rack-1.6.4/lib/rack/handler/webrick.rb:88:in `service'
  /Users/bogdan/.rvm/rubies/ruby-2.2.1/lib/ruby/2.2.0/webrick/httpserver.rb:138:in `service'
  /Users/bogdan/.rvm/rubies/ruby-2.2.1/lib/ruby/2.2.0/webrick/httpserver.rb:94:in `run'
  /Users/bogdan/.rvm/rubies/ruby-2.2.1/lib/ruby/2.2.0/webrick/server.rb:294:in `block in start_thread'


  Rendered .bundle/gems/actionpack-4.2.3/lib/action_dispatch/middleware/templates/rescues/_trace.html.erb (1.0ms)
  Rendered .bundle/gems/actionpack-4.2.3/lib/action_dispatch/middleware/templates/routes/_route.html.erb (1.1ms)
  Rendered .bundle/gems/actionpack-4.2.3/lib/action_dispatch/middleware/templates/routes/_table.html.erb (1.0ms)
  Rendered .bundle/gems/actionpack-4.2.3/lib/action_dispatch/middleware/templates/rescues/_request_and_response.html.erb (0.8ms)
  Rendered .bundle/gems/actionpack-4.2.3/lib/action_dispatch/middleware/templates/rescues/routing_error.html.erb within rescues/layout (59.0ms)


Started POST "/sessions" for ::1 at 2015-08-10 22:09:56 +0300
Processing by SessionsController#create as JSON
  Parameters: {"{\"login\":\"asdasd\",\"password\":\"asdasd\"}"=>"[FILTERED]"}
Completed 500 Internal Server Error in 0ms (ActiveRecord: 0.0ms)

NoMethodError (undefined method `permit' for nil:NilClass):
  app/controllers/sessions_controller.rb:13:in `session_params'
  app/controllers/sessions_controller.rb:4:in `create'


  Rendered .bundle/gems/actionpack-4.2.3/lib/action_dispatch/middleware/templates/rescues/_source.erb (2.8ms)
  Rendered .bundle/gems/actionpack-4.2.3/lib/action_dispatch/middleware/templates/rescues/_trace.html.erb (1.4ms)
  Rendered .bundle/gems/actionpack-4.2.3/lib/action_dispatch/middleware/templates/rescues/_request_and_response.html.erb (0.7ms)
  Rendered .bundle/gems/actionpack-4.2.3/lib/action_dispatch/middleware/templates/rescues/diagnostics.html.erb within rescues/layout (47.3ms)


Started POST "/sessions" for ::1 at 2015-08-10 22:09:56 +0300
Processing by SessionsController#create as JSON
  Parameters: {"{\"login\":\"asdasd\",\"password\":\"asdasd\"}"=>"[FILTERED]"}
Completed 500 Internal Server Error in 0ms (ActiveRecord: 0.0ms)

NoMethodError (undefined method `permit' for nil:NilClass):
  app/controllers/sessions_controller.rb:13:in `session_params'
  app/controllers/sessions_controller.rb:4:in `create'


  Rendered .bundle/gems/actionpack-4.2.3/lib/action_dispatch/middleware/templates/rescues/_source.erb (4.0ms)
  Rendered .bundle/gems/actionpack-4.2.3/lib/action_dispatch/middleware/templates/rescues/_trace.html.erb (2.4ms)
  Rendered .bundle/gems/actionpack-4.2.3/lib/action_dispatch/middleware/templates/rescues/_request_and_response.html.erb (0.7ms)
  Rendered .bundle/gems/actionpack-4.2.3/lib/action_dispatch/middleware/templates/rescues/diagnostics.html.erb within rescues/layout (43.6ms)


Started POST "/sessions" for ::1 at 2015-08-10 22:09:56 +0300
Processing by SessionsController#create as JSON
  Parameters: {"{\"sessions\":{\"email\":\"asdasd\",\"password\":\"asdasd\"}}"=>"[FILTERED]"}
Completed 500 Internal Server Error in 0ms (ActiveRecord: 0.0ms)

NoMethodError (undefined method `permit' for nil:NilClass):
  app/controllers/sessions_controller.rb:13:in `session_params'
  app/controllers/sessions_controller.rb:4:in `create'


  Rendered .bundle/gems/actionpack-4.2.3/lib/action_dispatch/middleware/templates/rescues/_source.erb (2.9ms)
  Rendered .bundle/gems/actionpack-4.2.3/lib/action_dispatch/middleware/templates/rescues/_trace.html.erb (1.5ms)
  Rendered .bundle/gems/actionpack-4.2.3/lib/action_dispatch/middleware/templates/rescues/_request_and_response.html.erb (0.7ms)
  Rendered .bundle/gems/actionpack-4.2.3/lib/action_dispatch/middleware/templates/rescues/diagnostics.html.erb within rescues/layout (48.0ms)


Started OPTIONS "/sessions" for ::1 at 2015-08-10 22:10:24 +0300

ActionController::RoutingError (No route matches [OPTIONS] "/sessions"):
  .bundle/gems/actionpack-4.2.3/lib/action_dispatch/middleware/debug_exceptions.rb:21:in `call'
  .bundle/gems/actionpack-4.2.3/lib/action_dispatch/middleware/show_exceptions.rb:30:in `call'
  .bundle/gems/railties-4.2.3/lib/rails/rack/logger.rb:38:in `call_app'
  .bundle/gems/railties-4.2.3/lib/rails/rack/logger.rb:20:in `block in call'
  .bundle/gems/activesupport-4.2.3/lib/active_support/tagged_logging.rb:68:in `block in tagged'
  .bundle/gems/activesupport-4.2.3/lib/active_support/tagged_logging.rb:26:in `tagged'
  .bundle/gems/activesupport-4.2.3/lib/active_support/tagged_logging.rb:68:in `tagged'
  .bundle/gems/railties-4.2.3/lib/rails/rack/logger.rb:20:in `call'
  .bundle/gems/actionpack-4.2.3/lib/action_dispatch/middleware/request_id.rb:21:in `call'
  .bundle/gems/rack-1.6.4/lib/rack/runtime.rb:18:in `call'
  .bundle/gems/activesupport-4.2.3/lib/active_support/cache/strategy/local_cache_middleware.rb:28:in `call'
  .bundle/gems/rack-1.6.4/lib/rack/lock.rb:17:in `call'
  .bundle/gems/actionpack-4.2.3/lib/action_dispatch/middleware/static.rb:116:in `call'
  .bundle/gems/railties-4.2.3/lib/rails/engine.rb:518:in `call'
  .bundle/gems/railties-4.2.3/lib/rails/application.rb:165:in `call'
  .bundle/gems/rack-1.6.4/lib/rack/lock.rb:17:in `call'
  .bundle/gems/rack-1.6.4/lib/rack/content_length.rb:15:in `call'
  .bundle/gems/rack-1.6.4/lib/rack/handler/webrick.rb:88:in `service'
  /Users/bogdan/.rvm/rubies/ruby-2.2.1/lib/ruby/2.2.0/webrick/httpserver.rb:138:in `service'
  /Users/bogdan/.rvm/rubies/ruby-2.2.1/lib/ruby/2.2.0/webrick/httpserver.rb:94:in `run'
  /Users/bogdan/.rvm/rubies/ruby-2.2.1/lib/ruby/2.2.0/webrick/server.rb:294:in `block in start_thread'


  Rendered .bundle/gems/actionpack-4.2.3/lib/action_dispatch/middleware/templates/rescues/_trace.html.erb (1.6ms)
  Rendered .bundle/gems/actionpack-4.2.3/lib/action_dispatch/middleware/templates/routes/_route.html.erb (1.3ms)
  Rendered .bundle/gems/actionpack-4.2.3/lib/action_dispatch/middleware/templates/routes/_table.html.erb (2.8ms)
  Rendered .bundle/gems/actionpack-4.2.3/lib/action_dispatch/middleware/templates/rescues/_request_and_response.html.erb (1.7ms)
  Rendered .bundle/gems/actionpack-4.2.3/lib/action_dispatch/middleware/templates/rescues/routing_error.html.erb within rescues/layout (58.5ms)


Started POST "/sessions" for ::1 at 2015-08-10 22:10:24 +0300
Processing by SessionsController#create as JSON
  Parameters: {"{\"sessions\":{\"email\":\"asdasd\",\"password\":\"asdasd\"}}"=>"[FILTERED]"}
Completed 500 Internal Server Error in 1ms (ActiveRecord: 0.0ms)

NoMethodError (undefined method `permit' for nil:NilClass):
  app/controllers/sessions_controller.rb:13:in `session_params'
  app/controllers/sessions_controller.rb:4:in `create'


  Rendered .bundle/gems/actionpack-4.2.3/lib/action_dispatch/middleware/templates/rescues/_source.erb (5.2ms)
  Rendered .bundle/gems/actionpack-4.2.3/lib/action_dispatch/middleware/templates/rescues/_trace.html.erb (1.8ms)
  Rendered .bundle/gems/actionpack-4.2.3/lib/action_dispatch/middleware/templates/rescues/_request_and_response.html.erb (1.2ms)
  Rendered .bundle/gems/actionpack-4.2.3/lib/action_dispatch/middleware/templates/rescues/diagnostics.html.erb within rescues/layout (42.3ms)


Started OPTIONS "/sessions" for ::1 at 2015-08-10 22:10:24 +0300

ActionController::RoutingError (No route matches [OPTIONS] "/sessions"):
  .bundle/gems/actionpack-4.2.3/lib/action_dispatch/middleware/debug_exceptions.rb:21:in `call'
  .bundle/gems/actionpack-4.2.3/lib/action_dispatch/middleware/show_exceptions.rb:30:in `call'
  .bundle/gems/railties-4.2.3/lib/rails/rack/logger.rb:38:in `call_app'
  .bundle/gems/railties-4.2.3/lib/rails/rack/logger.rb:20:in `block in call'
  .bundle/gems/activesupport-4.2.3/lib/active_support/tagged_logging.rb:68:in `block in tagged'
  .bundle/gems/activesupport-4.2.3/lib/active_support/tagged_logging.rb:26:in `tagged'
  .bundle/gems/activesupport-4.2.3/lib/active_support/tagged_logging.rb:68:in `tagged'
  .bundle/gems/railties-4.2.3/lib/rails/rack/logger.rb:20:in `call'
  .bundle/gems/actionpack-4.2.3/lib/action_dispatch/middleware/request_id.rb:21:in `call'
  .bundle/gems/rack-1.6.4/lib/rack/runtime.rb:18:in `call'
  .bundle/gems/activesupport-4.2.3/lib/active_support/cache/strategy/local_cache_middleware.rb:28:in `call'
  .bundle/gems/rack-1.6.4/lib/rack/lock.rb:17:in `call'
  .bundle/gems/actionpack-4.2.3/lib/action_dispatch/middleware/static.rb:116:in `call'
  .bundle/gems/railties-4.2.3/lib/rails/engine.rb:518:in `call'
  .bundle/gems/railties-4.2.3/lib/rails/application.rb:165:in `call'
  .bundle/gems/rack-1.6.4/lib/rack/lock.rb:17:in `call'
  .bundle/gems/rack-1.6.4/lib/rack/content_length.rb:15:in `call'
  .bundle/gems/rack-1.6.4/lib/rack/handler/webrick.rb:88:in `service'
  /Users/bogdan/.rvm/rubies/ruby-2.2.1/lib/ruby/2.2.0/webrick/httpserver.rb:138:in `service'
  /Users/bogdan/.rvm/rubies/ruby-2.2.1/lib/ruby/2.2.0/webrick/httpserver.rb:94:in `run'
  /Users/bogdan/.rvm/rubies/ruby-2.2.1/lib/ruby/2.2.0/webrick/server.rb:294:in `block in start_thread'


  Rendered .bundle/gems/actionpack-4.2.3/lib/action_dispatch/middleware/templates/rescues/_trace.html.erb (1.5ms)
  Rendered .bundle/gems/actionpack-4.2.3/lib/action_dispatch/middleware/templates/routes/_route.html.erb (1.3ms)
  Rendered .bundle/gems/actionpack-4.2.3/lib/action_dispatch/middleware/templates/routes/_table.html.erb (1.1ms)
  Rendered .bundle/gems/actionpack-4.2.3/lib/action_dispatch/middleware/templates/rescues/_request_and_response.html.erb (1.3ms)
  Rendered .bundle/gems/actionpack-4.2.3/lib/action_dispatch/middleware/templates/rescues/routing_error.html.erb within rescues/layout (57.4ms)


Started POST "/sessions" for ::1 at 2015-08-10 22:10:24 +0300
Processing by SessionsController#create as JSON
  Parameters: {"{\"login\":\"asdasd\",\"password\":\"asdasd\"}"=>"[FILTERED]"}
Completed 500 Internal Server Error in 0ms (ActiveRecord: 0.0ms)

NoMethodError (undefined method `permit' for nil:NilClass):
  app/controllers/sessions_controller.rb:13:in `session_params'
  app/controllers/sessions_controller.rb:4:in `create'


  Rendered .bundle/gems/actionpack-4.2.3/lib/action_dispatch/middleware/templates/rescues/_source.erb (3.0ms)
  Rendered .bundle/gems/actionpack-4.2.3/lib/action_dispatch/middleware/templates/rescues/_trace.html.erb (1.7ms)
  Rendered .bundle/gems/actionpack-4.2.3/lib/action_dispatch/middleware/templates/rescues/_request_and_response.html.erb (0.8ms)
  Rendered .bundle/gems/actionpack-4.2.3/lib/action_dispatch/middleware/templates/rescues/diagnostics.html.erb within rescues/layout (38.9ms)


Started POST "/sessions" for ::1 at 2015-08-10 22:10:24 +0300
Processing by SessionsController#create as JSON
  Parameters: {"{\"login\":\"asdasd\",\"password\":\"asdasd\"}"=>"[FILTERED]"}
Completed 500 Internal Server Error in 0ms (ActiveRecord: 0.0ms)

NoMethodError (undefined method `permit' for nil:NilClass):
  app/controllers/sessions_controller.rb:13:in `session_params'
  app/controllers/sessions_controller.rb:4:in `create'


  Rendered .bundle/gems/actionpack-4.2.3/lib/action_dispatch/middleware/templates/rescues/_source.erb (3.2ms)
  Rendered .bundle/gems/actionpack-4.2.3/lib/action_dispatch/middleware/templates/rescues/_trace.html.erb (2.0ms)
  Rendered .bundle/gems/actionpack-4.2.3/lib/action_dispatch/middleware/templates/rescues/_request_and_response.html.erb (1.0ms)
  Rendered .bundle/gems/actionpack-4.2.3/lib/action_dispatch/middleware/templates/rescues/diagnostics.html.erb within rescues/layout (38.8ms)


Started POST "/sessions" for ::1 at 2015-08-10 22:10:29 +0300
Processing by SessionsController#create as JSON
  Parameters: {"{\"sessions\":{\"email\":\"asdasd\",\"password\":\"asdasd\"}}"=>"[FILTERED]"}
Completed 500 Internal Server Error in 0ms (ActiveRecord: 0.0ms)

NoMethodError (undefined method `permit' for nil:NilClass):
  app/controllers/sessions_controller.rb:13:in `session_params'
  app/controllers/sessions_controller.rb:4:in `create'


  Rendered .bundle/gems/actionpack-4.2.3/lib/action_dispatch/middleware/templates/rescues/_source.erb (3.0ms)
  Rendered .bundle/gems/actionpack-4.2.3/lib/action_dispatch/middleware/templates/rescues/_trace.html.erb (1.5ms)
  Rendered .bundle/gems/actionpack-4.2.3/lib/action_dispatch/middleware/templates/rescues/_request_and_response.html.erb (0.8ms)
  Rendered .bundle/gems/actionpack-4.2.3/lib/action_dispatch/middleware/templates/rescues/diagnostics.html.erb within rescues/layout (34.8ms)


Started POST "/sessions" for ::1 at 2015-08-10 22:11:00 +0300
Processing by SessionsController#create as JSON
  Parameters: {"{\"sessions\":{\"email\":\"asdasd\",\"password\":\"asdasd\"}}"=>"[FILTERED]"}
Completed 500 Internal Server Error in 0ms (ActiveRecord: 0.0ms)

NoMethodError (undefined method `permit' for nil:NilClass):
  app/controllers/sessions_controller.rb:13:in `session_params'
  app/controllers/sessions_controller.rb:4:in `create'


  Rendered .bundle/gems/actionpack-4.2.3/lib/action_dispatch/middleware/templates/rescues/_source.erb (2.8ms)
  Rendered .bundle/gems/actionpack-4.2.3/lib/action_dispatch/middleware/templates/rescues/_trace.html.erb (1.4ms)
  Rendered .bundle/gems/actionpack-4.2.3/lib/action_dispatch/middleware/templates/rescues/_request_and_response.html.erb (0.7ms)
  Rendered .bundle/gems/actionpack-4.2.3/lib/action_dispatch/middleware/templates/rescues/diagnostics.html.erb within rescues/layout (35.2ms)


Started POST "/sessions" for ::1 at 2015-08-10 22:11:01 +0300
Processing by SessionsController#create as JSON
  Parameters: {"{\"session\":{\"email\":\"asdasd\",\"password\":\"asdasd\"}}"=>"[FILTERED]"}
Completed 500 Internal Server Error in 0ms (ActiveRecord: 0.0ms)

NoMethodError (undefined method `permit' for nil:NilClass):
  app/controllers/sessions_controller.rb:13:in `session_params'
  app/controllers/sessions_controller.rb:4:in `create'


  Rendered .bundle/gems/actionpack-4.2.3/lib/action_dispatch/middleware/templates/rescues/_source.erb (3.1ms)
  Rendered .bundle/gems/actionpack-4.2.3/lib/action_dispatch/middleware/templates/rescues/_trace.html.erb (1.6ms)
  Rendered .bundle/gems/actionpack-4.2.3/lib/action_dispatch/middleware/templates/rescues/_request_and_response.html.erb (0.8ms)
  Rendered .bundle/gems/actionpack-4.2.3/lib/action_dispatch/middleware/templates/rescues/diagnostics.html.erb within rescues/layout (36.7ms)


Started POST "/sessions" for ::1 at 2015-08-10 22:11:28 +0300
Processing by SessionsController#create as JSON
  Parameters: {"{\"session\":{\"email\":\"asdasd\",\"password\":\"asdasd\"}}"=>"[FILTERED]"}
Completed 500 Internal Server Error in 3ms (ActiveRecord: 0.0ms)

NoMethodError (undefined method `permit' for nil:NilClass):
  app/controllers/sessions_controller.rb:14:in `session_params'
  app/controllers/sessions_controller.rb:4:in `create'


  Rendered .bundle/gems/actionpack-4.2.3/lib/action_dispatch/middleware/templates/rescues/_source.erb (2.7ms)
  Rendered .bundle/gems/actionpack-4.2.3/lib/action_dispatch/middleware/templates/rescues/_trace.html.erb (1.9ms)
  Rendered .bundle/gems/actionpack-4.2.3/lib/action_dispatch/middleware/templates/rescues/_request_and_response.html.erb (0.9ms)
  Rendered .bundle/gems/actionpack-4.2.3/lib/action_dispatch/middleware/templates/rescues/diagnostics.html.erb within rescues/layout (37.9ms)


Started POST "/sessions" for ::1 at 2015-08-10 22:11:28 +0300
Processing by SessionsController#create as JSON
  Parameters: {"{\"sessions\":{\"email\":\"asdasd\",\"password\":\"asdasd\"}}"=>"[FILTERED]"}
Completed 500 Internal Server Error in 0ms (ActiveRecord: 0.0ms)

NoMethodError (undefined method `permit' for nil:NilClass):
  app/controllers/sessions_controller.rb:14:in `session_params'
  app/controllers/sessions_controller.rb:4:in `create'


  Rendered .bundle/gems/actionpack-4.2.3/lib/action_dispatch/middleware/templates/rescues/_source.erb (3.0ms)
  Rendered .bundle/gems/actionpack-4.2.3/lib/action_dispatch/middleware/templates/rescues/_trace.html.erb (1.4ms)
  Rendered .bundle/gems/actionpack-4.2.3/lib/action_dispatch/middleware/templates/rescues/_request_and_response.html.erb (1.3ms)
  Rendered .bundle/gems/actionpack-4.2.3/lib/action_dispatch/middleware/templates/rescues/diagnostics.html.erb within rescues/layout (42.9ms)


Started POST "/sessions" for ::1 at 2015-08-10 22:12:52 +0300
Processing by SessionsController#create as JSON
  Parameters: {"{\"sessions\":{\"email\":\"asdasd\",\"password\":\"asdasd\"}}"=>"[FILTERED]"}
Completed 500 Internal Server Error in 0ms (ActiveRecord: 0.0ms)

NoMethodError (undefined method `permit' for nil:NilClass):
  app/controllers/sessions_controller.rb:14:in `session_params'
  app/controllers/sessions_controller.rb:4:in `create'


  Rendered .bundle/gems/actionpack-4.2.3/lib/action_dispatch/middleware/templates/rescues/_source.erb (3.4ms)
  Rendered .bundle/gems/actionpack-4.2.3/lib/action_dispatch/middleware/templates/rescues/_trace.html.erb (1.8ms)
  Rendered .bundle/gems/actionpack-4.2.3/lib/action_dispatch/middleware/templates/rescues/_request_and_response.html.erb (0.9ms)
  Rendered .bundle/gems/actionpack-4.2.3/lib/action_dispatch/middleware/templates/rescues/diagnostics.html.erb within rescues/layout (38.2ms)


Started POST "/sessions" for ::1 at 2015-08-10 22:12:52 +0300
Processing by SessionsController#create as JSON
  Parameters: {"{\"session\":{\"email\":\"asdasd\",\"password\":\"asdasd\"}}"=>"[FILTERED]"}
Completed 500 Internal Server Error in 0ms (ActiveRecord: 0.0ms)

NoMethodError (undefined method `permit' for nil:NilClass):
  app/controllers/sessions_controller.rb:14:in `session_params'
  app/controllers/sessions_controller.rb:4:in `create'


  Rendered .bundle/gems/actionpack-4.2.3/lib/action_dispatch/middleware/templates/rescues/_source.erb (3.8ms)
  Rendered .bundle/gems/actionpack-4.2.3/lib/action_dispatch/middleware/templates/rescues/_trace.html.erb (1.9ms)
  Rendered .bundle/gems/actionpack-4.2.3/lib/action_dispatch/middleware/templates/rescues/_request_and_response.html.erb (1.1ms)
  Rendered .bundle/gems/actionpack-4.2.3/lib/action_dispatch/middleware/templates/rescues/diagnostics.html.erb within rescues/layout (53.3ms)


Started OPTIONS "/sessions" for ::1 at 2015-08-10 22:12:52 +0300

ActionController::RoutingError (No route matches [OPTIONS] "/sessions"):
  .bundle/gems/actionpack-4.2.3/lib/action_dispatch/middleware/debug_exceptions.rb:21:in `call'
  .bundle/gems/actionpack-4.2.3/lib/action_dispatch/middleware/show_exceptions.rb:30:in `call'
  .bundle/gems/railties-4.2.3/lib/rails/rack/logger.rb:38:in `call_app'
  .bundle/gems/railties-4.2.3/lib/rails/rack/logger.rb:20:in `block in call'
  .bundle/gems/activesupport-4.2.3/lib/active_support/tagged_logging.rb:68:in `block in tagged'
  .bundle/gems/activesupport-4.2.3/lib/active_support/tagged_logging.rb:26:in `tagged'
  .bundle/gems/activesupport-4.2.3/lib/active_support/tagged_logging.rb:68:in `tagged'
  .bundle/gems/railties-4.2.3/lib/rails/rack/logger.rb:20:in `call'
  .bundle/gems/actionpack-4.2.3/lib/action_dispatch/middleware/request_id.rb:21:in `call'
  .bundle/gems/rack-1.6.4/lib/rack/runtime.rb:18:in `call'
  .bundle/gems/activesupport-4.2.3/lib/active_support/cache/strategy/local_cache_middleware.rb:28:in `call'
  .bundle/gems/rack-1.6.4/lib/rack/lock.rb:17:in `call'
  .bundle/gems/actionpack-4.2.3/lib/action_dispatch/middleware/static.rb:116:in `call'
  .bundle/gems/railties-4.2.3/lib/rails/engine.rb:518:in `call'
  .bundle/gems/railties-4.2.3/lib/rails/application.rb:165:in `call'
  .bundle/gems/rack-1.6.4/lib/rack/lock.rb:17:in `call'
  .bundle/gems/rack-1.6.4/lib/rack/content_length.rb:15:in `call'
  .bundle/gems/rack-1.6.4/lib/rack/handler/webrick.rb:88:in `service'
  /Users/bogdan/.rvm/rubies/ruby-2.2.1/lib/ruby/2.2.0/webrick/httpserver.rb:138:in `service'
  /Users/bogdan/.rvm/rubies/ruby-2.2.1/lib/ruby/2.2.0/webrick/httpserver.rb:94:in `run'
  /Users/bogdan/.rvm/rubies/ruby-2.2.1/lib/ruby/2.2.0/webrick/server.rb:294:in `block in start_thread'


  Rendered .bundle/gems/actionpack-4.2.3/lib/action_dispatch/middleware/templates/rescues/_trace.html.erb (1.9ms)
  Rendered .bundle/gems/actionpack-4.2.3/lib/action_dispatch/middleware/templates/routes/_route.html.erb (2.1ms)
  Rendered .bundle/gems/actionpack-4.2.3/lib/action_dispatch/middleware/templates/routes/_table.html.erb (1.5ms)
  Rendered .bundle/gems/actionpack-4.2.3/lib/action_dispatch/middleware/templates/rescues/_request_and_response.html.erb (1.2ms)
  Rendered .bundle/gems/actionpack-4.2.3/lib/action_dispatch/middleware/templates/rescues/routing_error.html.erb within rescues/layout (68.6ms)


Started POST "/sessions" for ::1 at 2015-08-10 22:15:10 +0300
Processing by SessionsController#create as JSON
  Parameters: {"{\"sessions\":{\"email\":\"asdasd\",\"password\":\"asdasd\"}}"=>"[FILTERED]"}
Completed 500 Internal Server Error in 11ms (ActiveRecord: 0.0ms)

NoMethodError (undefined method `permit' for nil:NilClass):
  app/controllers/sessions_controller.rb:14:in `session_params'
  app/controllers/sessions_controller.rb:4:in `create'


  Rendered .bundle/gems/actionpack-4.2.3/lib/action_dispatch/middleware/templates/rescues/_source.erb (6.3ms)
  Rendered .bundle/gems/actionpack-4.2.3/lib/action_dispatch/middleware/templates/rescues/_trace.html.erb (3.6ms)
  Rendered .bundle/gems/actionpack-4.2.3/lib/action_dispatch/middleware/templates/rescues/_request_and_response.html.erb (2.8ms)
  Rendered .bundle/gems/actionpack-4.2.3/lib/action_dispatch/middleware/templates/rescues/diagnostics.html.erb within rescues/layout (49.6ms)


Started POST "/sessions" for ::1 at 2015-08-10 22:15:10 +0300
Processing by SessionsController#create as JSON
  Parameters: {"{\"session\":{\"email\":\"asdasd\",\"password\":\"asdasd\"}}"=>"[FILTERED]"}
Completed 500 Internal Server Error in 0ms (ActiveRecord: 0.0ms)

NoMethodError (undefined method `permit' for nil:NilClass):
  app/controllers/sessions_controller.rb:14:in `session_params'
  app/controllers/sessions_controller.rb:4:in `create'


  Rendered .bundle/gems/actionpack-4.2.3/lib/action_dispatch/middleware/templates/rescues/_source.erb (10.5ms)
  Rendered .bundle/gems/actionpack-4.2.3/lib/action_dispatch/middleware/templates/rescues/_trace.html.erb (2.6ms)
  Rendered .bundle/gems/actionpack-4.2.3/lib/action_dispatch/middleware/templates/rescues/_request_and_response.html.erb (1.7ms)
  Rendered .bundle/gems/actionpack-4.2.3/lib/action_dispatch/middleware/templates/rescues/diagnostics.html.erb within rescues/layout (68.2ms)


Started OPTIONS "/sessions" for ::1 at 2015-08-10 22:15:10 +0300

ActionController::RoutingError (No route matches [OPTIONS] "/sessions"):
  .bundle/gems/actionpack-4.2.3/lib/action_dispatch/middleware/debug_exceptions.rb:21:in `call'
  .bundle/gems/actionpack-4.2.3/lib/action_dispatch/middleware/show_exceptions.rb:30:in `call'
  .bundle/gems/railties-4.2.3/lib/rails/rack/logger.rb:38:in `call_app'
  .bundle/gems/railties-4.2.3/lib/rails/rack/logger.rb:20:in `block in call'
  .bundle/gems/activesupport-4.2.3/lib/active_support/tagged_logging.rb:68:in `block in tagged'
  .bundle/gems/activesupport-4.2.3/lib/active_support/tagged_logging.rb:26:in `tagged'
  .bundle/gems/activesupport-4.2.3/lib/active_support/tagged_logging.rb:68:in `tagged'
  .bundle/gems/railties-4.2.3/lib/rails/rack/logger.rb:20:in `call'
  .bundle/gems/actionpack-4.2.3/lib/action_dispatch/middleware/request_id.rb:21:in `call'
  .bundle/gems/rack-1.6.4/lib/rack/runtime.rb:18:in `call'
  .bundle/gems/activesupport-4.2.3/lib/active_support/cache/strategy/local_cache_middleware.rb:28:in `call'
  .bundle/gems/rack-1.6.4/lib/rack/lock.rb:17:in `call'
  .bundle/gems/actionpack-4.2.3/lib/action_dispatch/middleware/static.rb:116:in `call'
  .bundle/gems/railties-4.2.3/lib/rails/engine.rb:518:in `call'
  .bundle/gems/railties-4.2.3/lib/rails/application.rb:165:in `call'
  .bundle/gems/rack-1.6.4/lib/rack/lock.rb:17:in `call'
  .bundle/gems/rack-1.6.4/lib/rack/content_length.rb:15:in `call'
  .bundle/gems/rack-1.6.4/lib/rack/handler/webrick.rb:88:in `service'
  /Users/bogdan/.rvm/rubies/ruby-2.2.1/lib/ruby/2.2.0/webrick/httpserver.rb:138:in `service'
  /Users/bogdan/.rvm/rubies/ruby-2.2.1/lib/ruby/2.2.0/webrick/httpserver.rb:94:in `run'
  /Users/bogdan/.rvm/rubies/ruby-2.2.1/lib/ruby/2.2.0/webrick/server.rb:294:in `block in start_thread'


  Rendered .bundle/gems/actionpack-4.2.3/lib/action_dispatch/middleware/templates/rescues/_trace.html.erb (1.3ms)
  Rendered .bundle/gems/actionpack-4.2.3/lib/action_dispatch/middleware/templates/routes/_route.html.erb (1.6ms)
  Rendered .bundle/gems/actionpack-4.2.3/lib/action_dispatch/middleware/templates/routes/_table.html.erb (1.7ms)
  Rendered .bundle/gems/actionpack-4.2.3/lib/action_dispatch/middleware/templates/rescues/_request_and_response.html.erb (1.0ms)
  Rendered .bundle/gems/actionpack-4.2.3/lib/action_dispatch/middleware/templates/rescues/routing_error.html.erb within rescues/layout (59.2ms)


Started OPTIONS "/sessions" for ::1 at 2015-08-10 22:15:17 +0300

ActionController::RoutingError (No route matches [OPTIONS] "/sessions"):
  .bundle/gems/actionpack-4.2.3/lib/action_dispatch/middleware/debug_exceptions.rb:21:in `call'
  .bundle/gems/actionpack-4.2.3/lib/action_dispatch/middleware/show_exceptions.rb:30:in `call'
  .bundle/gems/railties-4.2.3/lib/rails/rack/logger.rb:38:in `call_app'
  .bundle/gems/railties-4.2.3/lib/rails/rack/logger.rb:20:in `block in call'
  .bundle/gems/activesupport-4.2.3/lib/active_support/tagged_logging.rb:68:in `block in tagged'
  .bundle/gems/activesupport-4.2.3/lib/active_support/tagged_logging.rb:26:in `tagged'
  .bundle/gems/activesupport-4.2.3/lib/active_support/tagged_logging.rb:68:in `tagged'
  .bundle/gems/railties-4.2.3/lib/rails/rack/logger.rb:20:in `call'
  .bundle/gems/actionpack-4.2.3/lib/action_dispatch/middleware/request_id.rb:21:in `call'
  .bundle/gems/rack-1.6.4/lib/rack/runtime.rb:18:in `call'
  .bundle/gems/activesupport-4.2.3/lib/active_support/cache/strategy/local_cache_middleware.rb:28:in `call'
  .bundle/gems/rack-1.6.4/lib/rack/lock.rb:17:in `call'
  .bundle/gems/actionpack-4.2.3/lib/action_dispatch/middleware/static.rb:116:in `call'
  .bundle/gems/railties-4.2.3/lib/rails/engine.rb:518:in `call'
  .bundle/gems/railties-4.2.3/lib/rails/application.rb:165:in `call'
  .bundle/gems/rack-1.6.4/lib/rack/lock.rb:17:in `call'
  .bundle/gems/rack-1.6.4/lib/rack/content_length.rb:15:in `call'
  .bundle/gems/rack-1.6.4/lib/rack/handler/webrick.rb:88:in `service'
  /Users/bogdan/.rvm/rubies/ruby-2.2.1/lib/ruby/2.2.0/webrick/httpserver.rb:138:in `service'
  /Users/bogdan/.rvm/rubies/ruby-2.2.1/lib/ruby/2.2.0/webrick/httpserver.rb:94:in `run'
  /Users/bogdan/.rvm/rubies/ruby-2.2.1/lib/ruby/2.2.0/webrick/server.rb:294:in `block in start_thread'


  Rendered .bundle/gems/actionpack-4.2.3/lib/action_dispatch/middleware/templates/rescues/_trace.html.erb (1.3ms)
  Rendered .bundle/gems/actionpack-4.2.3/lib/action_dispatch/middleware/templates/routes/_route.html.erb (1.2ms)
  Rendered .bundle/gems/actionpack-4.2.3/lib/action_dispatch/middleware/templates/routes/_table.html.erb (1.1ms)
  Rendered .bundle/gems/actionpack-4.2.3/lib/action_dispatch/middleware/templates/rescues/_request_and_response.html.erb (1.1ms)
  Rendered .bundle/gems/actionpack-4.2.3/lib/action_dispatch/middleware/templates/rescues/routing_error.html.erb within rescues/layout (48.6ms)


Started OPTIONS "/sessions" for ::1 at 2015-08-10 22:17:34 +0300

ActionController::RoutingError (No route matches [OPTIONS] "/sessions"):
  .bundle/gems/actionpack-4.2.3/lib/action_dispatch/middleware/debug_exceptions.rb:21:in `call'
  .bundle/gems/actionpack-4.2.3/lib/action_dispatch/middleware/show_exceptions.rb:30:in `call'
  .bundle/gems/railties-4.2.3/lib/rails/rack/logger.rb:38:in `call_app'
  .bundle/gems/railties-4.2.3/lib/rails/rack/logger.rb:20:in `block in call'
  .bundle/gems/activesupport-4.2.3/lib/active_support/tagged_logging.rb:68:in `block in tagged'
  .bundle/gems/activesupport-4.2.3/lib/active_support/tagged_logging.rb:26:in `tagged'
  .bundle/gems/activesupport-4.2.3/lib/active_support/tagged_logging.rb:68:in `tagged'
  .bundle/gems/railties-4.2.3/lib/rails/rack/logger.rb:20:in `call'
  .bundle/gems/actionpack-4.2.3/lib/action_dispatch/middleware/request_id.rb:21:in `call'
  .bundle/gems/rack-1.6.4/lib/rack/runtime.rb:18:in `call'
  .bundle/gems/activesupport-4.2.3/lib/active_support/cache/strategy/local_cache_middleware.rb:28:in `call'
  .bundle/gems/rack-1.6.4/lib/rack/lock.rb:17:in `call'
  .bundle/gems/actionpack-4.2.3/lib/action_dispatch/middleware/static.rb:116:in `call'
  .bundle/gems/railties-4.2.3/lib/rails/engine.rb:518:in `call'
  .bundle/gems/railties-4.2.3/lib/rails/application.rb:165:in `call'
  .bundle/gems/rack-1.6.4/lib/rack/lock.rb:17:in `call'
  .bundle/gems/rack-1.6.4/lib/rack/content_length.rb:15:in `call'
  .bundle/gems/rack-1.6.4/lib/rack/handler/webrick.rb:88:in `service'
  /Users/bogdan/.rvm/rubies/ruby-2.2.1/lib/ruby/2.2.0/webrick/httpserver.rb:138:in `service'
  /Users/bogdan/.rvm/rubies/ruby-2.2.1/lib/ruby/2.2.0/webrick/httpserver.rb:94:in `run'
  /Users/bogdan/.rvm/rubies/ruby-2.2.1/lib/ruby/2.2.0/webrick/server.rb:294:in `block in start_thread'


  Rendered .bundle/gems/actionpack-4.2.3/lib/action_dispatch/middleware/templates/rescues/_trace.html.erb (1.7ms)
  Rendered .bundle/gems/actionpack-4.2.3/lib/action_dispatch/middleware/templates/routes/_route.html.erb (2.1ms)
  Rendered .bundle/gems/actionpack-4.2.3/lib/action_dispatch/middleware/templates/routes/_table.html.erb (1.5ms)
  Rendered .bundle/gems/actionpack-4.2.3/lib/action_dispatch/middleware/templates/rescues/_request_and_response.html.erb (1.0ms)
  Rendered .bundle/gems/actionpack-4.2.3/lib/action_dispatch/middleware/templates/rescues/routing_error.html.erb within rescues/layout (52.2ms)


Started OPTIONS "/sessions" for ::1 at 2015-08-10 22:17:47 +0300

ActionController::RoutingError (No route matches [OPTIONS] "/sessions"):
  .bundle/gems/actionpack-4.2.3/lib/action_dispatch/middleware/debug_exceptions.rb:21:in `call'
  .bundle/gems/actionpack-4.2.3/lib/action_dispatch/middleware/show_exceptions.rb:30:in `call'
  .bundle/gems/railties-4.2.3/lib/rails/rack/logger.rb:38:in `call_app'
  .bundle/gems/railties-4.2.3/lib/rails/rack/logger.rb:20:in `block in call'
  .bundle/gems/activesupport-4.2.3/lib/active_support/tagged_logging.rb:68:in `block in tagged'
  .bundle/gems/activesupport-4.2.3/lib/active_support/tagged_logging.rb:26:in `tagged'
  .bundle/gems/activesupport-4.2.3/lib/active_support/tagged_logging.rb:68:in `tagged'
  .bundle/gems/railties-4.2.3/lib/rails/rack/logger.rb:20:in `call'
  .bundle/gems/actionpack-4.2.3/lib/action_dispatch/middleware/request_id.rb:21:in `call'
  .bundle/gems/rack-1.6.4/lib/rack/runtime.rb:18:in `call'
  .bundle/gems/activesupport-4.2.3/lib/active_support/cache/strategy/local_cache_middleware.rb:28:in `call'
  .bundle/gems/rack-1.6.4/lib/rack/lock.rb:17:in `call'
  .bundle/gems/actionpack-4.2.3/lib/action_dispatch/middleware/static.rb:116:in `call'
  .bundle/gems/railties-4.2.3/lib/rails/engine.rb:518:in `call'
  .bundle/gems/railties-4.2.3/lib/rails/application.rb:165:in `call'
  .bundle/gems/rack-1.6.4/lib/rack/lock.rb:17:in `call'
  .bundle/gems/rack-1.6.4/lib/rack/content_length.rb:15:in `call'
  .bundle/gems/rack-1.6.4/lib/rack/handler/webrick.rb:88:in `service'
  /Users/bogdan/.rvm/rubies/ruby-2.2.1/lib/ruby/2.2.0/webrick/httpserver.rb:138:in `service'
  /Users/bogdan/.rvm/rubies/ruby-2.2.1/lib/ruby/2.2.0/webrick/httpserver.rb:94:in `run'
  /Users/bogdan/.rvm/rubies/ruby-2.2.1/lib/ruby/2.2.0/webrick/server.rb:294:in `block in start_thread'


  Rendered .bundle/gems/actionpack-4.2.3/lib/action_dispatch/middleware/templates/rescues/_trace.html.erb (1.5ms)
  Rendered .bundle/gems/actionpack-4.2.3/lib/action_dispatch/middleware/templates/routes/_route.html.erb (1.4ms)
  Rendered .bundle/gems/actionpack-4.2.3/lib/action_dispatch/middleware/templates/routes/_table.html.erb (1.1ms)
  Rendered .bundle/gems/actionpack-4.2.3/lib/action_dispatch/middleware/templates/rescues/_request_and_response.html.erb (1.1ms)
  Rendered .bundle/gems/actionpack-4.2.3/lib/action_dispatch/middleware/templates/rescues/routing_error.html.erb within rescues/layout (50.7ms)


Started OPTIONS "/sessions" for ::1 at 2015-08-10 22:18:24 +0300
  [1m[36mActiveRecord::SchemaMigration Load (0.5ms)[0m  [1mSELECT "schema_migrations".* FROM "schema_migrations"[0m

ActionController::RoutingError (No route matches [OPTIONS] "/sessions"):
  .bundle/gems/actionpack-4.2.3/lib/action_dispatch/middleware/debug_exceptions.rb:21:in `call'
  .bundle/gems/actionpack-4.2.3/lib/action_dispatch/middleware/show_exceptions.rb:30:in `call'
  .bundle/gems/railties-4.2.3/lib/rails/rack/logger.rb:38:in `call_app'
  .bundle/gems/railties-4.2.3/lib/rails/rack/logger.rb:20:in `block in call'
  .bundle/gems/activesupport-4.2.3/lib/active_support/tagged_logging.rb:68:in `block in tagged'
  .bundle/gems/activesupport-4.2.3/lib/active_support/tagged_logging.rb:26:in `tagged'
  .bundle/gems/activesupport-4.2.3/lib/active_support/tagged_logging.rb:68:in `tagged'
  .bundle/gems/railties-4.2.3/lib/rails/rack/logger.rb:20:in `call'
  .bundle/gems/actionpack-4.2.3/lib/action_dispatch/middleware/request_id.rb:21:in `call'
  .bundle/gems/rack-1.6.4/lib/rack/runtime.rb:18:in `call'
  .bundle/gems/activesupport-4.2.3/lib/active_support/cache/strategy/local_cache_middleware.rb:28:in `call'
  .bundle/gems/rack-1.6.4/lib/rack/lock.rb:17:in `call'
  .bundle/gems/actionpack-4.2.3/lib/action_dispatch/middleware/static.rb:116:in `call'
  .bundle/gems/railties-4.2.3/lib/rails/engine.rb:518:in `call'
  .bundle/gems/railties-4.2.3/lib/rails/application.rb:165:in `call'
  .bundle/gems/rack-1.6.4/lib/rack/lock.rb:17:in `call'
  .bundle/gems/rack-1.6.4/lib/rack/content_length.rb:15:in `call'
  .bundle/gems/rack-1.6.4/lib/rack/handler/webrick.rb:88:in `service'
  /Users/bogdan/.rvm/rubies/ruby-2.2.1/lib/ruby/2.2.0/webrick/httpserver.rb:138:in `service'
  /Users/bogdan/.rvm/rubies/ruby-2.2.1/lib/ruby/2.2.0/webrick/httpserver.rb:94:in `run'
  /Users/bogdan/.rvm/rubies/ruby-2.2.1/lib/ruby/2.2.0/webrick/server.rb:294:in `block in start_thread'


  Rendered .bundle/gems/actionpack-4.2.3/lib/action_dispatch/middleware/templates/rescues/_trace.html.erb (1.2ms)
  Rendered .bundle/gems/actionpack-4.2.3/lib/action_dispatch/middleware/templates/routes/_route.html.erb (1.2ms)
  Rendered .bundle/gems/actionpack-4.2.3/lib/action_dispatch/middleware/templates/routes/_table.html.erb (7.8ms)
  Rendered .bundle/gems/actionpack-4.2.3/lib/action_dispatch/middleware/templates/rescues/_request_and_response.html.erb (1.0ms)
  Rendered .bundle/gems/actionpack-4.2.3/lib/action_dispatch/middleware/templates/rescues/routing_error.html.erb within rescues/layout (66.3ms)


Started OPTIONS "/sessions" for ::1 at 2015-08-10 22:20:00 +0300

ActionController::RoutingError (No route matches [OPTIONS] "/sessions"):
  .bundle/gems/actionpack-4.2.3/lib/action_dispatch/middleware/debug_exceptions.rb:21:in `call'
  .bundle/gems/actionpack-4.2.3/lib/action_dispatch/middleware/show_exceptions.rb:30:in `call'
  .bundle/gems/railties-4.2.3/lib/rails/rack/logger.rb:38:in `call_app'
  .bundle/gems/railties-4.2.3/lib/rails/rack/logger.rb:20:in `block in call'
  .bundle/gems/activesupport-4.2.3/lib/active_support/tagged_logging.rb:68:in `block in tagged'
  .bundle/gems/activesupport-4.2.3/lib/active_support/tagged_logging.rb:26:in `tagged'
  .bundle/gems/activesupport-4.2.3/lib/active_support/tagged_logging.rb:68:in `tagged'
  .bundle/gems/railties-4.2.3/lib/rails/rack/logger.rb:20:in `call'
  .bundle/gems/actionpack-4.2.3/lib/action_dispatch/middleware/request_id.rb:21:in `call'
  .bundle/gems/rack-1.6.4/lib/rack/runtime.rb:18:in `call'
  .bundle/gems/activesupport-4.2.3/lib/active_support/cache/strategy/local_cache_middleware.rb:28:in `call'
  .bundle/gems/rack-1.6.4/lib/rack/lock.rb:17:in `call'
  .bundle/gems/actionpack-4.2.3/lib/action_dispatch/middleware/static.rb:116:in `call'
  .bundle/gems/railties-4.2.3/lib/rails/engine.rb:518:in `call'
  .bundle/gems/railties-4.2.3/lib/rails/application.rb:165:in `call'
  .bundle/gems/rack-1.6.4/lib/rack/lock.rb:17:in `call'
  .bundle/gems/rack-1.6.4/lib/rack/content_length.rb:15:in `call'
  .bundle/gems/rack-1.6.4/lib/rack/handler/webrick.rb:88:in `service'
  /Users/bogdan/.rvm/rubies/ruby-2.2.1/lib/ruby/2.2.0/webrick/httpserver.rb:138:in `service'
  /Users/bogdan/.rvm/rubies/ruby-2.2.1/lib/ruby/2.2.0/webrick/httpserver.rb:94:in `run'
  /Users/bogdan/.rvm/rubies/ruby-2.2.1/lib/ruby/2.2.0/webrick/server.rb:294:in `block in start_thread'


  Rendered .bundle/gems/actionpack-4.2.3/lib/action_dispatch/middleware/templates/rescues/_trace.html.erb (1.1ms)
  Rendered .bundle/gems/actionpack-4.2.3/lib/action_dispatch/middleware/templates/routes/_route.html.erb (1.0ms)
  Rendered .bundle/gems/actionpack-4.2.3/lib/action_dispatch/middleware/templates/routes/_table.html.erb (1.6ms)
  Rendered .bundle/gems/actionpack-4.2.3/lib/action_dispatch/middleware/templates/rescues/_request_and_response.html.erb (0.8ms)
  Rendered .bundle/gems/actionpack-4.2.3/lib/action_dispatch/middleware/templates/rescues/routing_error.html.erb within rescues/layout (75.3ms)


Started OPTIONS "/sessions" for ::1 at 2015-08-10 22:20:31 +0300
Processing by SessionsController#create as */*
  Rendered text template (0.0ms)
Filter chain halted as :cors_preflight_check rendered or redirected
Completed 200 OK in 2ms (Views: 1.6ms | ActiveRecord: 0.0ms)


Started OPTIONS "/sessions" for ::1 at 2015-08-10 22:20:58 +0300
Processing by SessionsController#create as */*
  Rendered text template (0.0ms)
Filter chain halted as :cors_preflight_check rendered or redirected
Completed 200 OK in 0ms (Views: 0.3ms | ActiveRecord: 0.0ms)


Started OPTIONS "/sessions" for ::1 at 2015-08-10 22:21:16 +0300
Processing by SessionsController#create as */*
Completed 500 Internal Server Error in 8ms (ActiveRecord: 0.0ms)

NoMethodError (undefined method `permit' for nil:NilClass):
  app/controllers/sessions_controller.rb:13:in `session_params'
  app/controllers/sessions_controller.rb:4:in `create'


  Rendered .bundle/gems/actionpack-4.2.3/lib/action_dispatch/middleware/templates/rescues/_source.erb (3.3ms)
  Rendered .bundle/gems/actionpack-4.2.3/lib/action_dispatch/middleware/templates/rescues/_trace.html.erb (2.4ms)
  Rendered .bundle/gems/actionpack-4.2.3/lib/action_dispatch/middleware/templates/rescues/_request_and_response.html.erb (1.1ms)
  Rendered .bundle/gems/actionpack-4.2.3/lib/action_dispatch/middleware/templates/rescues/diagnostics.html.erb within rescues/layout (44.3ms)


Started OPTIONS "/sessions" for ::1 at 2015-08-10 22:21:51 +0300
Processing by SessionsController#create as */*
Completed 500 Internal Server Error in 2ms (ActiveRecord: 0.0ms)

NoMethodError (undefined method `permit' for nil:NilClass):
  app/controllers/sessions_controller.rb:15:in `session_params'
  app/controllers/sessions_controller.rb:4:in `create'


  Rendered .bundle/gems/actionpack-4.2.3/lib/action_dispatch/middleware/templates/rescues/_source.erb (4.0ms)
  Rendered .bundle/gems/actionpack-4.2.3/lib/action_dispatch/middleware/templates/rescues/_trace.html.erb (1.7ms)
  Rendered .bundle/gems/actionpack-4.2.3/lib/action_dispatch/middleware/templates/rescues/_request_and_response.html.erb (0.9ms)
  Rendered .bundle/gems/actionpack-4.2.3/lib/action_dispatch/middleware/templates/rescues/diagnostics.html.erb within rescues/layout (40.9ms)


Started OPTIONS "/sessions" for ::1 at 2015-08-10 22:22:08 +0300
Processing by SessionsController#create as */*
Completed 500 Internal Server Error in 0ms (ActiveRecord: 0.0ms)

NoMethodError (undefined method `permit' for nil:NilClass):
  app/controllers/sessions_controller.rb:15:in `session_params'
  app/controllers/sessions_controller.rb:4:in `create'


  Rendered .bundle/gems/actionpack-4.2.3/lib/action_dispatch/middleware/templates/rescues/_source.erb (2.9ms)
  Rendered .bundle/gems/actionpack-4.2.3/lib/action_dispatch/middleware/templates/rescues/_trace.html.erb (1.8ms)
  Rendered .bundle/gems/actionpack-4.2.3/lib/action_dispatch/middleware/templates/rescues/_request_and_response.html.erb (1.4ms)
  Rendered .bundle/gems/actionpack-4.2.3/lib/action_dispatch/middleware/templates/rescues/diagnostics.html.erb within rescues/layout (40.7ms)


Started OPTIONS "/sessions" for ::1 at 2015-08-10 22:22:35 +0300
Processing by SessionsController#create as */*
  Rendered text template (0.0ms)
Filter chain halted as :cors_preflight_check rendered or redirected
Completed 200 OK in 1ms (Views: 0.4ms | ActiveRecord: 0.0ms)


Started OPTIONS "/sessions" for ::1 at 2015-08-10 22:22:52 +0300
Processing by SessionsController#create as */*
  Rendered text template (0.0ms)
Filter chain halted as :cors_preflight_check rendered or redirected
Completed 200 OK in 0ms (Views: 0.2ms | ActiveRecord: 0.0ms)


Started OPTIONS "/sessions" for ::1 at 2015-08-10 22:23:52 +0300
Processing by SessionsController#create as */*
  Rendered text template (0.0ms)
Filter chain halted as :cors_preflight_check rendered or redirected
Completed 200 OK in 1ms (Views: 0.4ms | ActiveRecord: 0.0ms)


Started POST "/sessions" for ::1 at 2015-08-10 22:23:52 +0300
Processing by SessionsController#create as JSON
  Parameters: {"session"=>{"email"=>"asdasd", "password"=>"[FILTERED]"}}
  [1m[35mUser Load (0.4ms)[0m  SELECT  "users".* FROM "users" WHERE "users"."email" = ? LIMIT 1  [["email", "asdasd"]]
Completed 500 Internal Server Error in 15ms (ActiveRecord: 1.2ms)

NoMethodError (undefined method `authentic?' for nil:NilClass):
  app/controllers/sessions_controller.rb:5:in `create'


  Rendered .bundle/gems/actionpack-4.2.3/lib/action_dispatch/middleware/templates/rescues/_source.erb (3.7ms)
  Rendered .bundle/gems/actionpack-4.2.3/lib/action_dispatch/middleware/templates/rescues/_trace.html.erb (1.8ms)
  Rendered .bundle/gems/actionpack-4.2.3/lib/action_dispatch/middleware/templates/rescues/_request_and_response.html.erb (0.9ms)
  Rendered .bundle/gems/actionpack-4.2.3/lib/action_dispatch/middleware/templates/rescues/diagnostics.html.erb within rescues/layout (45.4ms)


Started POST "/sessions" for ::1 at 2015-08-10 22:24:11 +0300
Processing by SessionsController#create as JSON
  Parameters: {"session"=>{"email"=>"asdasd", "password"=>"[FILTERED]"}}
  [1m[36mUser Load (0.6ms)[0m  [1mSELECT  "users".* FROM "users" WHERE "users"."email" = ? LIMIT 1[0m  [["email", "asdasd"]]
Completed 500 Internal Server Error in 11ms (ActiveRecord: 1.7ms)

NoMethodError (undefined method `authentic?' for nil:NilClass):
  app/controllers/sessions_controller.rb:5:in `create'


  Rendered .bundle/gems/actionpack-4.2.3/lib/action_dispatch/middleware/templates/rescues/_source.erb (3.2ms)
  Rendered .bundle/gems/actionpack-4.2.3/lib/action_dispatch/middleware/templates/rescues/_trace.html.erb (2.0ms)
  Rendered .bundle/gems/actionpack-4.2.3/lib/action_dispatch/middleware/templates/rescues/_request_and_response.html.erb (0.9ms)
  Rendered .bundle/gems/actionpack-4.2.3/lib/action_dispatch/middleware/templates/rescues/diagnostics.html.erb within rescues/layout (37.9ms)


Started POST "/sessions" for ::1 at 2015-08-10 22:28:26 +0300
Processing by SessionsController#create as JSON
  Parameters: {"session"=>{"email"=>"asdasd", "password"=>"[FILTERED]"}}
  [1m[35mUser Load (0.6ms)[0m  SELECT  "users".* FROM "users" WHERE "users"."email" = ? LIMIT 1  [["email", "asdasd"]]
Completed 401 Unauthorized in 8ms (Views: 0.1ms | ActiveRecord: 1.2ms)
  [1m[36mUser Load (0.5ms)[0m  [1mSELECT  "users".* FROM "users"  ORDER BY "users"."id" DESC LIMIT 1[0m


Started POST "/sessions" for ::1 at 2015-08-10 22:29:01 +0300
Processing by SessionsController#create as JSON
  Parameters: {"session"=>{"email"=>"bob@eternalvoid.me", "password"=>"[FILTERED]"}}
  [1m[36mUser Load (0.4ms)[0m  [1mSELECT  "users".* FROM "users" WHERE "users"."email" = ? LIMIT 1[0m  [["email", "bob@eternalvoid.me"]]
  [1m[35mApiKey Load (0.5ms)[0m  SELECT  "api_keys".* FROM "api_keys" WHERE "api_keys"."user_id" = ? LIMIT 1  [["user_id", 3]]
  [1m[36m (0.1ms)[0m  [1mbegin transaction[0m
  [1m[35mSQL (0.3ms)[0m  UPDATE "api_keys" SET "expires_at" = ?, "updated_at" = ? WHERE "api_keys"."id" = ?  [["expires_at", "2015-08-24 19:29:01.836336"], ["updated_at", "2015-08-10 19:29:01.842045"], ["id", 3]]
  [1m[36m (0.6ms)[0m  [1mcommit transaction[0m
Completed 200 OK in 36ms (Views: 0.5ms | ActiveRecord: 2.3ms)


Started POST "/sessions" for ::1 at 2015-08-10 22:29:04 +0300
Processing by SessionsController#create as JSON
  Parameters: {"session"=>{"email"=>"bob@eternalvoid.me", "password"=>"[FILTERED]"}}
  [1m[35mUser Load (0.1ms)[0m  SELECT  "users".* FROM "users" WHERE "users"."email" = ? LIMIT 1  [["email", "bob@eternalvoid.me"]]
  [1m[36mApiKey Load (0.1ms)[0m  [1mSELECT  "api_keys".* FROM "api_keys" WHERE "api_keys"."user_id" = ? LIMIT 1[0m  [["user_id", 3]]
  [1m[35m (0.0ms)[0m  begin transaction
  [1m[36mSQL (0.2ms)[0m  [1mUPDATE "api_keys" SET "expires_at" = ?, "updated_at" = ? WHERE "api_keys"."id" = ?[0m  [["expires_at", "2015-08-24 19:29:04.310734"], ["updated_at", "2015-08-10 19:29:04.311136"], ["id", 3]]
  [1m[35m (1.4ms)[0m  commit transaction
Completed 200 OK in 4ms (Views: 0.1ms | ActiveRecord: 1.8ms)


Started POST "/sessions" for ::1 at 2015-08-10 22:29:08 +0300
Processing by SessionsController#create as JSON
  Parameters: {"session"=>{"email"=>"bob@eternalvoid.me", "password"=>"[FILTERED]"}}
  [1m[36mUser Load (0.2ms)[0m  [1mSELECT  "users".* FROM "users" WHERE "users"."email" = ? LIMIT 1[0m  [["email", "bob@eternalvoid.me"]]
  [1m[35mApiKey Load (0.1ms)[0m  SELECT  "api_keys".* FROM "api_keys" WHERE "api_keys"."user_id" = ? LIMIT 1  [["user_id", 3]]
  [1m[36m (0.1ms)[0m  [1mbegin transaction[0m
  [1m[35mSQL (0.2ms)[0m  UPDATE "api_keys" SET "expires_at" = ?, "updated_at" = ? WHERE "api_keys"."id" = ?  [["expires_at", "2015-08-24 19:29:08.575494"], ["updated_at", "2015-08-10 19:29:08.575996"], ["id", 3]]
  [1m[36m (1.4ms)[0m  [1mcommit transaction[0m
Completed 200 OK in 5ms (Views: 0.1ms | ActiveRecord: 2.0ms)


Started POST "/sessions" for ::1 at 2015-08-10 22:29:17 +0300
Processing by SessionsController#create as JSON
  Parameters: {"session"=>{"email"=>"bob@eternalvoid.me", "password"=>"[FILTERED]"}}
  [1m[35mUser Load (0.1ms)[0m  SELECT  "users".* FROM "users" WHERE "users"."email" = ? LIMIT 1  [["email", "bob@eternalvoid.me"]]
  [1m[36mApiKey Load (0.1ms)[0m  [1mSELECT  "api_keys".* FROM "api_keys" WHERE "api_keys"."user_id" = ? LIMIT 1[0m  [["user_id", 3]]
  [1m[35m (0.1ms)[0m  begin transaction
  [1m[36mSQL (0.2ms)[0m  [1mUPDATE "api_keys" SET "expires_at" = ?, "updated_at" = ? WHERE "api_keys"."id" = ?[0m  [["expires_at", "2015-08-24 19:29:17.412446"], ["updated_at", "2015-08-10 19:29:17.412893"], ["id", 3]]
  [1m[35m (1.5ms)[0m  commit transaction
Completed 200 OK in 5ms (Views: 0.1ms | ActiveRecord: 1.9ms)


Started POST "/sessions" for ::1 at 2015-08-10 22:29:51 +0300
Processing by SessionsController#create as JSON
  Parameters: {"session"=>{"email"=>"bob@eternalvoid.me", "password"=>"[FILTERED]"}}
  [1m[36mUser Load (0.7ms)[0m  [1mSELECT  "users".* FROM "users" WHERE "users"."email" = ? LIMIT 1[0m  [["email", "bob@eternalvoid.me"]]
  [1m[35mApiKey Load (0.2ms)[0m  SELECT  "api_keys".* FROM "api_keys" WHERE "api_keys"."user_id" = ? LIMIT 1  [["user_id", 3]]
  [1m[36m (0.1ms)[0m  [1mbegin transaction[0m
  [1m[35mSQL (0.8ms)[0m  UPDATE "api_keys" SET "expires_at" = ?, "updated_at" = ? WHERE "api_keys"."id" = ?  [["expires_at", "2015-08-24 19:29:51.906962"], ["updated_at", "2015-08-10 19:29:51.907688"], ["id", 3]]
  [1m[36m (1.4ms)[0m  [1mcommit transaction[0m
Completed 200 OK in 32ms (Views: 1.0ms | ActiveRecord: 4.1ms)


Started POST "/sessions" for ::1 at 2015-08-10 22:30:18 +0300
Processing by SessionsController#create as JSON
  Parameters: {"session"=>{"email"=>"bob@eternalvoid.me", "password"=>"[FILTERED]"}}
  [1m[35mUser Load (0.1ms)[0m  SELECT  "users".* FROM "users" WHERE "users"."email" = ? LIMIT 1  [["email", "bob@eternalvoid.me"]]
  [1m[36mApiKey Load (0.1ms)[0m  [1mSELECT  "api_keys".* FROM "api_keys" WHERE "api_keys"."user_id" = ? LIMIT 1[0m  [["user_id", 3]]
  [1m[35m (0.0ms)[0m  begin transaction
  [1m[36mSQL (0.2ms)[0m  [1mUPDATE "api_keys" SET "expires_at" = ?, "updated_at" = ? WHERE "api_keys"."id" = ?[0m  [["expires_at", "2015-08-24 19:30:18.525043"], ["updated_at", "2015-08-10 19:30:18.525495"], ["id", 3]]
  [1m[35m (0.7ms)[0m  commit transaction
Completed 200 OK in 4ms (Views: 0.4ms | ActiveRecord: 1.1ms)


Started POST "/sessions" for ::1 at 2015-08-10 22:30:57 +0300
Processing by SessionsController#create as JSON
  Parameters: {"session"=>{"email"=>"bob@eternalvoid.me", "password"=>"[FILTERED]"}}
  [1m[36mUser Load (0.1ms)[0m  [1mSELECT  "users".* FROM "users" WHERE "users"."email" = ? LIMIT 1[0m  [["email", "bob@eternalvoid.me"]]
  [1m[35mApiKey Load (0.1ms)[0m  SELECT  "api_keys".* FROM "api_keys" WHERE "api_keys"."user_id" = ? LIMIT 1  [["user_id", 3]]
  [1m[36m (0.1ms)[0m  [1mbegin transaction[0m
  [1m[35mSQL (0.2ms)[0m  UPDATE "api_keys" SET "expires_at" = ?, "updated_at" = ? WHERE "api_keys"."id" = ?  [["expires_at", "2015-08-24 19:30:57.695266"], ["updated_at", "2015-08-10 19:30:57.695730"], ["id", 3]]
  [1m[36m (0.7ms)[0m  [1mcommit transaction[0m
Completed 200 OK in 4ms (Views: 0.4ms | ActiveRecord: 1.1ms)


Started POST "/sessions" for ::1 at 2015-08-10 22:30:57 +0300
Processing by SessionsController#create as JSON
  Parameters: {"session"=>{"email"=>"bob@eternalvoid.me", "password"=>"[FILTERED]"}}
  [1m[35mUser Load (0.1ms)[0m  SELECT  "users".* FROM "users" WHERE "users"."email" = ? LIMIT 1  [["email", "bob@eternalvoid.me"]]
  [1m[36mApiKey Load (0.1ms)[0m  [1mSELECT  "api_keys".* FROM "api_keys" WHERE "api_keys"."user_id" = ? LIMIT 1[0m  [["user_id", 3]]
  [1m[35m (0.1ms)[0m  begin transaction
  [1m[36mSQL (0.3ms)[0m  [1mUPDATE "api_keys" SET "expires_at" = ?, "updated_at" = ? WHERE "api_keys"."id" = ?[0m  [["expires_at", "2015-08-24 19:30:57.705235"], ["updated_at", "2015-08-10 19:30:57.705998"], ["id", 3]]
  [1m[35m (0.8ms)[0m  commit transaction
Completed 200 OK in 7ms (Views: 0.8ms | ActiveRecord: 1.3ms)


Started POST "/sessions" for ::1 at 2015-08-10 22:31:54 +0300
Processing by SessionsController#create as JSON
  Parameters: {"session"=>{"email"=>"bob@eternalvoid.me", "password"=>"[FILTERED]"}}
  [1m[36mUser Load (0.1ms)[0m  [1mSELECT  "users".* FROM "users" WHERE "users"."email" = ? LIMIT 1[0m  [["email", "bob@eternalvoid.me"]]
  [1m[35mApiKey Load (0.1ms)[0m  SELECT  "api_keys".* FROM "api_keys" WHERE "api_keys"."user_id" = ? LIMIT 1  [["user_id", 3]]
  [1m[36m (0.0ms)[0m  [1mbegin transaction[0m
  [1m[35mSQL (0.6ms)[0m  UPDATE "api_keys" SET "expires_at" = ?, "updated_at" = ? WHERE "api_keys"."id" = ?  [["expires_at", "2015-08-24 19:31:54.049462"], ["updated_at", "2015-08-10 19:31:54.049964"], ["id", 3]]
  [1m[36m (0.6ms)[0m  [1mcommit transaction[0m
Completed 200 OK in 6ms (Views: 0.5ms | ActiveRecord: 1.5ms)


Started POST "/sessions" for ::1 at 2015-08-10 22:32:22 +0300
Processing by SessionsController#create as JSON
  Parameters: {"session"=>{"email"=>"asdasd", "password"=>"[FILTERED]"}}
  [1m[35mUser Load (0.5ms)[0m  SELECT  "users".* FROM "users" WHERE "users"."email" = ? LIMIT 1  [["email", "asdasd"]]
Completed 401 Unauthorized in 2ms (Views: 0.1ms | ActiveRecord: 0.5ms)


Started POST "/sessions" for ::1 at 2015-08-10 22:32:33 +0300
Processing by SessionsController#create as JSON
  Parameters: {"session"=>{"email"=>"bob@eternalvoid.me", "password"=>"[FILTERED]"}}
  [1m[36mUser Load (0.1ms)[0m  [1mSELECT  "users".* FROM "users" WHERE "users"."email" = ? LIMIT 1[0m  [["email", "bob@eternalvoid.me"]]
  [1m[35mApiKey Load (0.1ms)[0m  SELECT  "api_keys".* FROM "api_keys" WHERE "api_keys"."user_id" = ? LIMIT 1  [["user_id", 3]]
  [1m[36m (0.0ms)[0m  [1mbegin transaction[0m
  [1m[35mSQL (0.2ms)[0m  UPDATE "api_keys" SET "expires_at" = ?, "updated_at" = ? WHERE "api_keys"."id" = ?  [["expires_at", "2015-08-24 19:32:33.154766"], ["updated_at", "2015-08-10 19:32:33.155254"], ["id", 3]]
  [1m[36m (1.4ms)[0m  [1mcommit transaction[0m
Completed 200 OK in 5ms (Views: 0.5ms | ActiveRecord: 1.9ms)


Started POST "/sessions" for ::1 at 2015-08-10 22:33:13 +0300
Processing by SessionsController#create as JSON
  Parameters: {"session"=>{"email"=>"bob@eternalvoid.me", "password"=>"[FILTERED]"}}
  [1m[35mUser Load (0.1ms)[0m  SELECT  "users".* FROM "users" WHERE "users"."email" = ? LIMIT 1  [["email", "bob@eternalvoid.me"]]
  [1m[36mApiKey Load (0.1ms)[0m  [1mSELECT  "api_keys".* FROM "api_keys" WHERE "api_keys"."user_id" = ? LIMIT 1[0m  [["user_id", 3]]
  [1m[35m (0.0ms)[0m  begin transaction
  [1m[36mSQL (0.5ms)[0m  [1mUPDATE "api_keys" SET "expires_at" = ?, "updated_at" = ? WHERE "api_keys"."id" = ?[0m  [["expires_at", "2015-08-24 19:33:13.370207"], ["updated_at", "2015-08-10 19:33:13.370664"], ["id", 3]]
  [1m[35m (0.8ms)[0m  commit transaction
Completed 200 OK in 5ms (Views: 0.6ms | ActiveRecord: 1.5ms)


Started OPTIONS "/sessions" for ::1 at 2015-08-11 19:32:42 +0300
  [1m[36mActiveRecord::SchemaMigration Load (0.5ms)[0m  [1mSELECT "schema_migrations".* FROM "schema_migrations"[0m
Processing by SessionsController#create as */*
Completed 500 Internal Server Error in 8ms (ActiveRecord: 0.0ms)

NoMethodError (undefined method `permit' for nil:NilClass):
  app/controllers/sessions_controller.rb:13:in `session_params'
  app/controllers/sessions_controller.rb:4:in `create'


  Rendered .bundle/gems/actionpack-4.2.3/lib/action_dispatch/middleware/templates/rescues/_source.erb (4.1ms)
  Rendered .bundle/gems/actionpack-4.2.3/lib/action_dispatch/middleware/templates/rescues/_trace.html.erb (1.7ms)
  Rendered .bundle/gems/actionpack-4.2.3/lib/action_dispatch/middleware/templates/rescues/_request_and_response.html.erb (0.8ms)
  Rendered .bundle/gems/actionpack-4.2.3/lib/action_dispatch/middleware/templates/rescues/diagnostics.html.erb within rescues/layout (42.5ms)


Started OPTIONS "/sessions" for ::1 at 2015-08-11 19:32:56 +0300
Processing by SessionsController#create as */*
Completed 500 Internal Server Error in 0ms (ActiveRecord: 0.0ms)

NoMethodError (undefined method `permit' for nil:NilClass):
  app/controllers/sessions_controller.rb:13:in `session_params'
  app/controllers/sessions_controller.rb:4:in `create'


  Rendered .bundle/gems/actionpack-4.2.3/lib/action_dispatch/middleware/templates/rescues/_source.erb (2.9ms)
  Rendered .bundle/gems/actionpack-4.2.3/lib/action_dispatch/middleware/templates/rescues/_trace.html.erb (1.5ms)
  Rendered .bundle/gems/actionpack-4.2.3/lib/action_dispatch/middleware/templates/rescues/_request_and_response.html.erb (0.7ms)
  Rendered .bundle/gems/actionpack-4.2.3/lib/action_dispatch/middleware/templates/rescues/diagnostics.html.erb within rescues/layout (35.6ms)


Started OPTIONS "/sessions" for ::1 at 2015-08-11 19:33:16 +0300
Processing by SessionsController#create as */*
Completed 500 Internal Server Error in 0ms (ActiveRecord: 0.0ms)

NoMethodError (undefined method `permit' for nil:NilClass):
  app/controllers/sessions_controller.rb:13:in `session_params'
  app/controllers/sessions_controller.rb:4:in `create'


  Rendered .bundle/gems/actionpack-4.2.3/lib/action_dispatch/middleware/templates/rescues/_source.erb (2.8ms)
  Rendered .bundle/gems/actionpack-4.2.3/lib/action_dispatch/middleware/templates/rescues/_trace.html.erb (2.1ms)
  Rendered .bundle/gems/actionpack-4.2.3/lib/action_dispatch/middleware/templates/rescues/_request_and_response.html.erb (0.7ms)
  Rendered .bundle/gems/actionpack-4.2.3/lib/action_dispatch/middleware/templates/rescues/diagnostics.html.erb within rescues/layout (38.0ms)


Started OPTIONS "/sessions" for ::1 at 2015-08-11 19:33:32 +0300
Processing by SessionsController#create as */*
Completed 500 Internal Server Error in 2ms (ActiveRecord: 0.0ms)

NoMethodError (undefined method `permit' for nil:NilClass):
  app/controllers/sessions_controller.rb:14:in `session_params'
  app/controllers/sessions_controller.rb:4:in `create'


  Rendered .bundle/gems/actionpack-4.2.3/lib/action_dispatch/middleware/templates/rescues/_source.erb (3.3ms)
  Rendered .bundle/gems/actionpack-4.2.3/lib/action_dispatch/middleware/templates/rescues/_trace.html.erb (1.4ms)
  Rendered .bundle/gems/actionpack-4.2.3/lib/action_dispatch/middleware/templates/rescues/_request_and_response.html.erb (0.7ms)
  Rendered .bundle/gems/actionpack-4.2.3/lib/action_dispatch/middleware/templates/rescues/diagnostics.html.erb within rescues/layout (37.1ms)


Started OPTIONS "/sessions" for ::1 at 2015-08-11 19:33:45 +0300
Processing by SessionsController#create as */*
Completed 500 Internal Server Error in 5ms (ActiveRecord: 0.0ms)

NoMethodError (undefined method `ap' for #<SessionsController:0x007fef63ba9618>):
  app/controllers/sessions_controller.rb:13:in `session_params'
  app/controllers/sessions_controller.rb:4:in `create'


  Rendered .bundle/gems/actionpack-4.2.3/lib/action_dispatch/middleware/templates/rescues/_source.erb (2.9ms)
  Rendered .bundle/gems/actionpack-4.2.3/lib/action_dispatch/middleware/templates/rescues/_trace.html.erb (1.5ms)
  Rendered .bundle/gems/actionpack-4.2.3/lib/action_dispatch/middleware/templates/rescues/_request_and_response.html.erb (0.7ms)
  Rendered .bundle/gems/actionpack-4.2.3/lib/action_dispatch/middleware/templates/rescues/diagnostics.html.erb within rescues/layout (36.8ms)


Started OPTIONS "/sessions" for ::1 at 2015-08-11 19:33:54 +0300
Processing by SessionsController#create as */*
Completed 500 Internal Server Error in 3ms (ActiveRecord: 0.0ms)

NoMethodError (undefined method `permit' for nil:NilClass):
  app/controllers/sessions_controller.rb:14:in `session_params'
  app/controllers/sessions_controller.rb:4:in `create'


  Rendered .bundle/gems/actionpack-4.2.3/lib/action_dispatch/middleware/templates/rescues/_source.erb (3.2ms)
  Rendered .bundle/gems/actionpack-4.2.3/lib/action_dispatch/middleware/templates/rescues/_trace.html.erb (1.5ms)
  Rendered .bundle/gems/actionpack-4.2.3/lib/action_dispatch/middleware/templates/rescues/_request_and_response.html.erb (1.0ms)
  Rendered .bundle/gems/actionpack-4.2.3/lib/action_dispatch/middleware/templates/rescues/diagnostics.html.erb within rescues/layout (35.9ms)


Started OPTIONS "/sessions" for ::1 at 2015-08-11 19:34:06 +0300
Processing by SessionsController#create as */*
Completed 500 Internal Server Error in 0ms (ActiveRecord: 0.0ms)

NoMethodError (undefined method `permit' for nil:NilClass):
  app/controllers/sessions_controller.rb:14:in `session_params'
  app/controllers/sessions_controller.rb:4:in `create'


  Rendered .bundle/gems/actionpack-4.2.3/lib/action_dispatch/middleware/templates/rescues/_source.erb (3.0ms)
  Rendered .bundle/gems/actionpack-4.2.3/lib/action_dispatch/middleware/templates/rescues/_trace.html.erb (1.4ms)
  Rendered .bundle/gems/actionpack-4.2.3/lib/action_dispatch/middleware/templates/rescues/_request_and_response.html.erb (0.7ms)
  Rendered .bundle/gems/actionpack-4.2.3/lib/action_dispatch/middleware/templates/rescues/diagnostics.html.erb within rescues/layout (34.7ms)


Started OPTIONS "/sessions" for ::1 at 2015-08-11 19:34:10 +0300
Processing by SessionsController#create as */*
Completed 500 Internal Server Error in 0ms (ActiveRecord: 0.0ms)

NoMethodError (undefined method `permit' for nil:NilClass):
  app/controllers/sessions_controller.rb:14:in `session_params'
  app/controllers/sessions_controller.rb:4:in `create'


  Rendered .bundle/gems/actionpack-4.2.3/lib/action_dispatch/middleware/templates/rescues/_source.erb (4.0ms)
  Rendered .bundle/gems/actionpack-4.2.3/lib/action_dispatch/middleware/templates/rescues/_trace.html.erb (2.0ms)
  Rendered .bundle/gems/actionpack-4.2.3/lib/action_dispatch/middleware/templates/rescues/_request_and_response.html.erb (0.7ms)
  Rendered .bundle/gems/actionpack-4.2.3/lib/action_dispatch/middleware/templates/rescues/diagnostics.html.erb within rescues/layout (42.1ms)


Started OPTIONS "/sessions" for ::1 at 2015-08-11 19:34:12 +0300
Processing by SessionsController#create as */*
Completed 500 Internal Server Error in 0ms (ActiveRecord: 0.0ms)

NoMethodError (undefined method `permit' for nil:NilClass):
  app/controllers/sessions_controller.rb:14:in `session_params'
  app/controllers/sessions_controller.rb:4:in `create'


  Rendered .bundle/gems/actionpack-4.2.3/lib/action_dispatch/middleware/templates/rescues/_source.erb (3.3ms)
  Rendered .bundle/gems/actionpack-4.2.3/lib/action_dispatch/middleware/templates/rescues/_trace.html.erb (1.6ms)
  Rendered .bundle/gems/actionpack-4.2.3/lib/action_dispatch/middleware/templates/rescues/_request_and_response.html.erb (0.8ms)
  Rendered .bundle/gems/actionpack-4.2.3/lib/action_dispatch/middleware/templates/rescues/diagnostics.html.erb within rescues/layout (36.7ms)


Started OPTIONS "/sessions" for ::1 at 2015-08-11 19:35:04 +0300
Processing by SessionsController#create as */*
Completed 500 Internal Server Error in 0ms (ActiveRecord: 0.0ms)

NoMethodError (undefined method `permit' for nil:NilClass):
  app/controllers/sessions_controller.rb:14:in `session_params'
  app/controllers/sessions_controller.rb:4:in `create'


  Rendered .bundle/gems/actionpack-4.2.3/lib/action_dispatch/middleware/templates/rescues/_source.erb (3.5ms)
  Rendered .bundle/gems/actionpack-4.2.3/lib/action_dispatch/middleware/templates/rescues/_trace.html.erb (1.6ms)
  Rendered .bundle/gems/actionpack-4.2.3/lib/action_dispatch/middleware/templates/rescues/_request_and_response.html.erb (0.8ms)
  Rendered .bundle/gems/actionpack-4.2.3/lib/action_dispatch/middleware/templates/rescues/diagnostics.html.erb within rescues/layout (36.9ms)


Started OPTIONS "/sessions" for ::1 at 2015-08-11 19:35:04 +0300
Processing by SessionsController#create as */*
Completed 500 Internal Server Error in 1ms (ActiveRecord: 0.0ms)

NoMethodError (undefined method `permit' for nil:NilClass):
  app/controllers/sessions_controller.rb:14:in `session_params'
  app/controllers/sessions_controller.rb:4:in `create'


  Rendered .bundle/gems/actionpack-4.2.3/lib/action_dispatch/middleware/templates/rescues/_source.erb (2.9ms)
  Rendered .bundle/gems/actionpack-4.2.3/lib/action_dispatch/middleware/templates/rescues/_trace.html.erb (1.6ms)
  Rendered .bundle/gems/actionpack-4.2.3/lib/action_dispatch/middleware/templates/rescues/_request_and_response.html.erb (1.3ms)
  Rendered .bundle/gems/actionpack-4.2.3/lib/action_dispatch/middleware/templates/rescues/diagnostics.html.erb within rescues/layout (37.1ms)


Started OPTIONS "/sessions" for ::1 at 2015-08-11 19:35:25 +0300
Processing by SessionsController#create as */*
Completed 500 Internal Server Error in 0ms (ActiveRecord: 0.0ms)

NoMethodError (undefined method `permit' for nil:NilClass):
  app/controllers/sessions_controller.rb:14:in `session_params'
  app/controllers/sessions_controller.rb:4:in `create'


  Rendered .bundle/gems/actionpack-4.2.3/lib/action_dispatch/middleware/templates/rescues/_source.erb (7.0ms)
  Rendered .bundle/gems/actionpack-4.2.3/lib/action_dispatch/middleware/templates/rescues/_trace.html.erb (4.2ms)
  Rendered .bundle/gems/actionpack-4.2.3/lib/action_dispatch/middleware/templates/rescues/_request_and_response.html.erb (0.8ms)
  Rendered .bundle/gems/actionpack-4.2.3/lib/action_dispatch/middleware/templates/rescues/diagnostics.html.erb within rescues/layout (67.6ms)


Started OPTIONS "/sessions" for ::1 at 2015-08-11 19:35:25 +0300
Processing by SessionsController#create as */*
Completed 500 Internal Server Error in 0ms (ActiveRecord: 0.0ms)

NoMethodError (undefined method `permit' for nil:NilClass):
  app/controllers/sessions_controller.rb:14:in `session_params'
  app/controllers/sessions_controller.rb:4:in `create'


  Rendered .bundle/gems/actionpack-4.2.3/lib/action_dispatch/middleware/templates/rescues/_source.erb (2.9ms)
  Rendered .bundle/gems/actionpack-4.2.3/lib/action_dispatch/middleware/templates/rescues/_trace.html.erb (1.4ms)
  Rendered .bundle/gems/actionpack-4.2.3/lib/action_dispatch/middleware/templates/rescues/_request_and_response.html.erb (0.8ms)
  Rendered .bundle/gems/actionpack-4.2.3/lib/action_dispatch/middleware/templates/rescues/diagnostics.html.erb within rescues/layout (39.2ms)


Started OPTIONS "/sessions" for ::1 at 2015-08-11 19:36:25 +0300
Processing by SessionsController#create as */*
  Rendered text template (0.1ms)
Filter chain halted as :cors_preflight_check rendered or redirected
Completed 200 OK in 6ms (Views: 5.3ms | ActiveRecord: 0.0ms)


Started OPTIONS "/sessions" for ::1 at 2015-08-11 19:36:25 +0300
Processing by SessionsController#create as */*
  Rendered text template (0.1ms)
Filter chain halted as :cors_preflight_check rendered or redirected
Completed 200 OK in 1ms (Views: 0.4ms | ActiveRecord: 0.0ms)


Started POST "/sessions" for ::1 at 2015-08-11 19:36:25 +0300
Processing by SessionsController#create as JSON
  Parameters: {"session"=>{"email"=>"bob@eternalvoid.me", "password"=>"[FILTERED]"}}
  [1m[35mUser Load (1.5ms)[0m  SELECT  "users".* FROM "users" WHERE "users"."email" = ? LIMIT 1  [["email", "bob@eternalvoid.me"]]
  [1m[36mApiKey Load (0.5ms)[0m  [1mSELECT  "api_keys".* FROM "api_keys" WHERE "api_keys"."user_id" = ? LIMIT 1[0m  [["user_id", 3]]
  [1m[35m (0.1ms)[0m  begin transaction
  [1m[36mSQL (0.5ms)[0m  [1mUPDATE "api_keys" SET "expires_at" = ?, "updated_at" = ? WHERE "api_keys"."id" = ?[0m  [["expires_at", "2015-08-25 16:36:25.270524"], ["updated_at", "2015-08-11 16:36:25.273622"], ["id", 3]]
  [1m[35m (0.6ms)[0m  commit transaction
Completed 200 OK in 70ms (Views: 0.6ms | ActiveRecord: 4.6ms)


Started POST "/sessions" for ::1 at 2015-08-11 19:36:25 +0300
Processing by SessionsController#create as JSON
  Parameters: {"session"=>{"email"=>"bob@eternalvoid.me", "password"=>"[FILTERED]"}}
  [1m[36mUser Load (0.2ms)[0m  [1mSELECT  "users".* FROM "users" WHERE "users"."email" = ? LIMIT 1[0m  [["email", "bob@eternalvoid.me"]]
  [1m[35mApiKey Load (0.1ms)[0m  SELECT  "api_keys".* FROM "api_keys" WHERE "api_keys"."user_id" = ? LIMIT 1  [["user_id", 3]]
  [1m[36m (0.1ms)[0m  [1mbegin transaction[0m
  [1m[35mSQL (0.4ms)[0m  UPDATE "api_keys" SET "expires_at" = ?, "updated_at" = ? WHERE "api_keys"."id" = ?  [["expires_at", "2015-08-25 16:36:25.286760"], ["updated_at", "2015-08-11 16:36:25.287527"], ["id", 3]]
  [1m[36m (0.6ms)[0m  [1mcommit transaction[0m
Completed 200 OK in 6ms (Views: 0.3ms | ActiveRecord: 1.3ms)
